2021-01-26 08:51:36,756 [INFO] Activator:176 - 


2021-01-26 08:51:36,761 [INFO] Activator:177 - !SESSION log4j initialized
2021-01-26 08:51:56,630 [INFO] ApplicationProperties:181 - Using Application install path: /opt/st/stm32cubeide_1.3.0/plugins/com.st.stm32cube.common.mx_5.6.0.202002181639
2021-01-26 08:51:56,699 [INFO] DbMcusXml:72 - Set database path to: /opt/st/stm32cubeide_1.3.0/plugins/com.st.stm32cube.common.mx_5.6.0.202002181639//db//mcu/
2021-01-26 08:51:56,706 [INFO] DbBoardsPdsc:54 - Set plugin database path to: /opt/st/stm32cubeide_1.3.0/plugins/com.st.stm32cube.common.mx_5.6.0.202002181639//db//plugins/boardmanager/
2021-01-26 08:51:56,707 [INFO] DbMcus:235 - Set plugin images path to: /opt/st/stm32cubeide_1.3.0/plugins/com.st.stm32cube.common.mx_5.6.0.202002181639//db//plugins/mcufinder/images/
2021-01-26 08:51:56,707 [INFO] DbBoards:232 - Set plugin images path to: /opt/st/stm32cubeide_1.3.0/plugins/com.st.stm32cube.common.mx_5.6.0.202002181639//db//plugins/mcufinder/images/
2021-01-26 08:51:56,763 [INFO] DbMcusAds:85 - Set database path to: /home/robert/.stmcufinder/plugins/mcufinder//mcu/
2021-01-26 08:51:56,765 [INFO] DbMcusDocs:108 - Set database path to: /home/robert/.stmcufinder/plugins/mcufinder//mcu/
2021-01-26 08:51:56,769 [INFO] DbMcusJson:61 - Set database path to: /home/robert/.stmcufinder/plugins/mcufinder//mcu/
2021-01-26 08:51:56,771 [INFO] DbBoardsDocs:97 - Set database path to: /home/robert/.stmcufinder/plugins/mcufinder//mcu/
2021-01-26 08:51:56,774 [INFO] DbBoardsJson:51 - Set database path to: /home/robert/.stmcufinder/plugins/mcufinder//mcu/
2021-01-26 08:51:57,074 [INFO] CrossReferenceDbSqlite:197 - Set database path to: /home/robert/.stmcufinder/plugins/mcufinder//mcu/cs/
2021-01-26 08:51:57,361 [INFO] RulesReader:52 - Compatibility file has been processed (208 Rules)
2021-01-26 08:51:57,685 [INFO] MicroXplorer:570 - Detected Java Version = 1.8.0_242
2021-01-26 08:51:57,686 [INFO] DbMcusXml:72 - Set database path to: /opt/st/stm32cubeide_1.3.0/plugins/com.st.stm32cube.common.mx_5.6.0.202002181639//db//mcu/
2021-01-26 08:51:57,686 [INFO] DbBoardsPdsc:54 - Set plugin database path to: /opt/st/stm32cubeide_1.3.0/plugins/com.st.stm32cube.common.mx_5.6.0.202002181639//db//plugins/boardmanager/
2021-01-26 08:51:57,687 [INFO] DbMcus:235 - Set plugin images path to: /opt/st/stm32cubeide_1.3.0/plugins/com.st.stm32cube.common.mx_5.6.0.202002181639//db//plugins/mcufinder/images/
2021-01-26 08:51:57,688 [INFO] DbBoards:232 - Set plugin images path to: /opt/st/stm32cubeide_1.3.0/plugins/com.st.stm32cube.common.mx_5.6.0.202002181639//db//plugins/mcufinder/images/
2021-01-26 08:51:57,689 [WARN] DbFile:36 - Overriding database path with different value: /home/robert/.stmcufinder/plugins/mcufinder/ => /home/robert/.stmcufinder/plugins/mcufinder
2021-01-26 08:51:57,689 [INFO] DbMcusAds:85 - Set database path to: /home/robert/.stmcufinder/plugins/mcufinder//mcu/
2021-01-26 08:51:57,689 [WARN] DbFile:36 - Overriding database path with different value: /home/robert/.stmcufinder/plugins/mcufinder/ => /home/robert/.stmcufinder/plugins/mcufinder
2021-01-26 08:51:57,689 [INFO] DbMcusDocs:108 - Set database path to: /home/robert/.stmcufinder/plugins/mcufinder//mcu/
2021-01-26 08:51:57,690 [WARN] DbFile:36 - Overriding database path with different value: /home/robert/.stmcufinder/plugins/mcufinder/ => /home/robert/.stmcufinder/plugins/mcufinder
2021-01-26 08:51:57,690 [INFO] DbMcusJson:61 - Set database path to: /home/robert/.stmcufinder/plugins/mcufinder//mcu/
2021-01-26 08:51:57,690 [WARN] DbFile:36 - Overriding database path with different value: /home/robert/.stmcufinder/plugins/mcufinder/ => /home/robert/.stmcufinder/plugins/mcufinder
2021-01-26 08:51:57,690 [INFO] DbBoardsDocs:97 - Set database path to: /home/robert/.stmcufinder/plugins/mcufinder//mcu/
2021-01-26 08:51:57,691 [WARN] DbFile:36 - Overriding database path with different value: /home/robert/.stmcufinder/plugins/mcufinder/ => /home/robert/.stmcufinder/plugins/mcufinder
2021-01-26 08:51:57,691 [INFO] DbBoardsJson:51 - Set database path to: /home/robert/.stmcufinder/plugins/mcufinder//mcu/
2021-01-26 08:51:57,691 [WARN] DbFile:36 - Overriding database path with different value: /home/robert/.stmcufinder/plugins/mcufinder/ => /home/robert/.stmcufinder/plugins/mcufinder
2021-01-26 08:51:57,692 [WARN] DbFile:36 - Overriding database path with different value: /home/robert/.stmcufinder/plugins/mcufinder/ => /home/robert/.stmcufinder/plugins/mcufinder
2021-01-26 08:51:57,692 [INFO] CrossReferenceDbSqlite:197 - Set database path to: /home/robert/.stmcufinder/plugins/mcufinder//mcu/cs/
2021-01-26 08:51:57,940 [INFO] MainPanel:181 - HeapMemory: 334495744
2021-01-26 08:51:58,261 [INFO] DbMcusXml:72 - Set database path to: /opt/st/stm32cubeide_1.3.0/plugins/com.st.stm32cube.common.mx_5.6.0.202002181639//db//mcu/
2021-01-26 08:51:58,261 [INFO] DbBoardsPdsc:54 - Set plugin database path to: /opt/st/stm32cubeide_1.3.0/plugins/com.st.stm32cube.common.mx_5.6.0.202002181639//db//plugins/boardmanager/
2021-01-26 08:51:58,262 [INFO] DbMcus:235 - Set plugin images path to: /opt/st/stm32cubeide_1.3.0/plugins/com.st.stm32cube.common.mx_5.6.0.202002181639//db//plugins/mcufinder/images/
2021-01-26 08:51:58,262 [INFO] DbBoards:232 - Set plugin images path to: /opt/st/stm32cubeide_1.3.0/plugins/com.st.stm32cube.common.mx_5.6.0.202002181639//db//plugins/mcufinder/images/
2021-01-26 08:51:58,264 [WARN] DbFile:36 - Overriding database path with different value: /home/robert/.stmcufinder/plugins/mcufinder/ => /home/robert/.stmcufinder/plugins/mcufinder
2021-01-26 08:51:58,264 [INFO] DbMcusAds:85 - Set database path to: /home/robert/.stmcufinder/plugins/mcufinder//mcu/
2021-01-26 08:51:58,265 [WARN] DbFile:36 - Overriding database path with different value: /home/robert/.stmcufinder/plugins/mcufinder/ => /home/robert/.stmcufinder/plugins/mcufinder
2021-01-26 08:51:58,265 [INFO] DbMcusDocs:108 - Set database path to: /home/robert/.stmcufinder/plugins/mcufinder//mcu/
2021-01-26 08:51:58,265 [WARN] DbFile:36 - Overriding database path with different value: /home/robert/.stmcufinder/plugins/mcufinder/ => /home/robert/.stmcufinder/plugins/mcufinder
2021-01-26 08:51:58,266 [INFO] DbMcusJson:61 - Set database path to: /home/robert/.stmcufinder/plugins/mcufinder//mcu/
2021-01-26 08:51:58,266 [WARN] DbFile:36 - Overriding database path with different value: /home/robert/.stmcufinder/plugins/mcufinder/ => /home/robert/.stmcufinder/plugins/mcufinder
2021-01-26 08:51:58,266 [INFO] DbBoardsDocs:97 - Set database path to: /home/robert/.stmcufinder/plugins/mcufinder//mcu/
2021-01-26 08:51:58,266 [WARN] DbFile:36 - Overriding database path with different value: /home/robert/.stmcufinder/plugins/mcufinder/ => /home/robert/.stmcufinder/plugins/mcufinder
2021-01-26 08:51:58,267 [INFO] DbBoardsJson:51 - Set database path to: /home/robert/.stmcufinder/plugins/mcufinder//mcu/
2021-01-26 08:51:58,267 [WARN] DbFile:36 - Overriding database path with different value: /home/robert/.stmcufinder/plugins/mcufinder/ => /home/robert/.stmcufinder/plugins/mcufinder
2021-01-26 08:51:58,267 [WARN] DbFile:36 - Overriding database path with different value: /home/robert/.stmcufinder/plugins/mcufinder/ => /home/robert/.stmcufinder/plugins/mcufinder
2021-01-26 08:51:58,268 [INFO] CrossReferenceDbSqlite:197 - Set database path to: /home/robert/.stmcufinder/plugins/mcufinder//mcu/cs/
2021-01-26 08:51:58,310 [INFO] ApplicationProperties:181 - Using Application install path: /opt/st/stm32cubeide_1.3.0/plugins/com.st.stm32cube.common.mx_5.6.0.202002181639
2021-01-26 08:51:58,314 [INFO] PluginManage:178 - Search for loadable plugins [exclusion list=, tutovideos]
2021-01-26 08:51:58,317 [INFO] PluginManage:292 - Check plugin analytics
2021-01-26 08:51:58,350 [INFO] PluginManage:342 - Loaded plugin analytics (category:tool,tabindex:-1)
2021-01-26 08:51:58,351 [INFO] PluginManage:292 - Check plugin clock
2021-01-26 08:51:58,401 [INFO] PluginManage:342 - Loaded plugin clock (category:base,tabindex:2)
2021-01-26 08:51:58,401 [INFO] PluginManage:292 - Check plugin ddr
2021-01-26 08:51:58,414 [INFO] PluginManage:342 - Loaded plugin ddr (category:tool,tabindex:6)
2021-01-26 08:51:58,415 [INFO] PluginManage:292 - Check plugin filemanager
2021-01-26 08:51:58,950 [INFO] PluginManage:342 - Loaded plugin filemanager (category:base,tabindex:10)
2021-01-26 08:51:58,951 [INFO] PluginManage:292 - Check plugin ipmanager
2021-01-26 08:51:58,969 [INFO] PluginManage:342 - Loaded plugin ipmanager (category:base,tabindex:5)
2021-01-26 08:51:58,969 [INFO] PluginManage:292 - Check plugin pinoutandconfiguration
2021-01-26 08:51:58,998 [INFO] PluginManage:342 - Loaded plugin pinoutandconfiguration (category:base,tabindex:1)
2021-01-26 08:51:58,998 [INFO] PluginManage:292 - Check plugin pinoutconfig
2021-01-26 08:51:59,083 [INFO] PluginManage:342 - Loaded plugin pinoutconfig (category:base,tabindex:0)
2021-01-26 08:51:59,083 [INFO] PluginManage:292 - Check plugin power
2021-01-26 08:51:59,138 [INFO] PluginManage:342 - Loaded plugin power (category:power,tabindex:4)
2021-01-26 08:51:59,139 [INFO] PluginManage:292 - Check plugin projectmanager
2021-01-26 08:51:59,181 [INFO] PluginManage:342 - Loaded plugin projectmanager (category:projectmanager,tabindex:3)
2021-01-26 08:51:59,181 [INFO] PluginManage:292 - Check plugin thirdparty
2021-01-26 08:51:59,477 [INFO] ThirdPartyDb:295 - Open Third Party DataBase File (/home/robert/.stm32cubemx/plugins/thirdparty/db/thirdparties_db.xml) : 146 ms. number of Sw pack : 31
2021-01-26 08:51:59,509 [INFO] PluginManage:342 - Loaded plugin thirdparty (category:base,tabindex:-1)
2021-01-26 08:51:59,510 [INFO] PluginManage:292 - Check plugin tools
2021-01-26 08:51:59,532 [INFO] PluginManage:342 - Loaded plugin tools (category:base,tabindex:7)
2021-01-26 08:51:59,532 [INFO] PluginManage:292 - Check plugin tutovideos
2021-01-26 08:51:59,541 [INFO] PluginManage:347 - Ignore plugin tutovideos (category:base)
2021-01-26 08:51:59,542 [INFO] PluginManage:292 - Check plugin updater
2021-01-26 08:51:59,594 [INFO] PluginManage:342 - Loaded plugin updater (category:base,tabindex:12)
2021-01-26 08:51:59,596 [INFO] PluginManage:265 - PluginManage : Loaded plugins [12]
2021-01-26 08:52:00,364 [INFO] PinOutPanel:1420 - setPackage(No Configuration,No Configuration)
2021-01-26 08:52:00,610 [INFO] IPUIPlugin:65 - create IPUIPlugin
2021-01-26 08:52:00,611 [INFO] PluginManager:200 - loadIPPluginJar : add pdm2pcm
2021-01-26 08:52:00,634 [INFO] IPUIPlugin:65 - create IPUIPlugin
2021-01-26 08:52:00,637 [INFO] PluginManager:200 - loadIPPluginJar : add tracer_emb
2021-01-26 08:52:00,652 [INFO] IPUIPlugin:65 - create IPUIPlugin
2021-01-26 08:52:00,653 [INFO] PluginManager:200 - loadIPPluginJar : add comp
2021-01-26 08:52:00,673 [INFO] IPUIPlugin:65 - create IPUIPlugin
2021-01-26 08:52:00,674 [INFO] PluginManager:200 - loadIPPluginJar : add adc
2021-01-26 08:52:00,685 [INFO] IPUIPlugin:65 - create IPUIPlugin
2021-01-26 08:52:00,686 [INFO] PluginManager:200 - loadIPPluginJar : add gtzc
2021-01-26 08:52:00,690 [INFO] IPUIPlugin:65 - create IPUIPlugin
2021-01-26 08:52:00,690 [INFO] PluginManager:200 - loadIPPluginJar : add tim
2021-01-26 08:52:00,703 [INFO] IPUIPlugin:65 - create IPUIPlugin
2021-01-26 08:52:00,704 [INFO] PluginManager:200 - loadIPPluginJar : add tsc
2021-01-26 08:52:00,709 [INFO] IPUIPlugin:65 - create IPUIPlugin
2021-01-26 08:52:00,709 [INFO] PluginManager:200 - loadIPPluginJar : add spi
2021-01-26 08:52:00,712 [INFO] IPUIPlugin:65 - create IPUIPlugin
2021-01-26 08:52:00,713 [INFO] PluginManager:200 - loadIPPluginJar : add fatfs
2021-01-26 08:52:00,741 [INFO] IPUIPlugin:65 - create IPUIPlugin
2021-01-26 08:52:00,743 [INFO] PluginManager:200 - loadIPPluginJar : add gpio
2021-01-26 08:52:00,746 [INFO] IPUIPlugin:65 - create IPUIPlugin
2021-01-26 08:52:00,747 [INFO] PluginManager:200 - loadIPPluginJar : add genericplugin
2021-01-26 08:52:00,806 [INFO] IPUIPlugin:65 - create IPUIPlugin
2021-01-26 08:52:00,807 [INFO] PluginManager:200 - loadIPPluginJar : add i2c
2021-01-26 08:52:00,820 [INFO] IPUIPlugin:65 - create IPUIPlugin
2021-01-26 08:52:00,820 [INFO] PluginManager:200 - loadIPPluginJar : add ucpd
2021-01-26 08:52:00,828 [INFO] IPUIPlugin:65 - create IPUIPlugin
2021-01-26 08:52:00,829 [INFO] PluginManager:200 - loadIPPluginJar : add stm32_wpan
2021-01-26 08:52:00,850 [INFO] IPUIPlugin:65 - create IPUIPlugin
2021-01-26 08:52:00,851 [INFO] PluginManager:200 - loadIPPluginJar : add nvic
2021-01-26 08:52:00,858 [INFO] IPUIPlugin:65 - create IPUIPlugin
2021-01-26 08:52:00,858 [INFO] PluginManager:200 - loadIPPluginJar : add sai
2021-01-26 08:52:00,863 [INFO] IPUIPlugin:65 - create IPUIPlugin
2021-01-26 08:52:00,864 [INFO] PluginManager:200 - loadIPPluginJar : add gfxmmu
2021-01-26 08:52:00,880 [INFO] IPUIPlugin:65 - create IPUIPlugin
2021-01-26 08:52:00,881 [INFO] PluginManager:200 - loadIPPluginJar : add dma
2021-01-26 08:52:00,903 [INFO] IPUIPlugin:65 - create IPUIPlugin
2021-01-26 08:52:00,904 [INFO] PluginManager:200 - loadIPPluginJar : add touchsensing
2021-01-26 08:52:00,919 [INFO] IPUIPlugin:65 - create IPUIPlugin
2021-01-26 08:52:00,919 [INFO] PluginManager:200 - loadIPPluginJar : add can
2021-01-26 08:52:00,924 [INFO] IPUIPlugin:65 - create IPUIPlugin
2021-01-26 08:52:00,925 [INFO] PluginManager:200 - loadIPPluginJar : add ts
2021-01-26 08:52:00,932 [INFO] IPUIPlugin:65 - create IPUIPlugin
2021-01-26 08:52:00,933 [INFO] PluginManager:200 - loadIPPluginJar : add opamp
2021-01-26 08:52:00,941 [INFO] IPUIPlugin:65 - create IPUIPlugin
2021-01-26 08:52:00,942 [INFO] PluginManager:200 - loadIPPluginJar : add quadspi
2021-01-26 08:52:00,948 [INFO] IPUIPlugin:65 - create IPUIPlugin
2021-01-26 08:52:00,949 [INFO] PluginManager:200 - loadIPPluginJar : add i2s
2021-01-26 08:52:00,956 [INFO] IPUIPlugin:65 - create IPUIPlugin
2021-01-26 08:52:00,957 [INFO] PluginManager:200 - loadIPPluginJar : add ipddr
2021-01-26 08:52:00,991 [INFO] IPUIPlugin:65 - create IPUIPlugin
2021-01-26 08:52:00,992 [INFO] PluginManager:200 - loadIPPluginJar : add freertos
2021-01-26 08:52:01,000 [INFO] IPUIPlugin:65 - create IPUIPlugin
2021-01-26 08:52:01,001 [INFO] PluginManager:200 - loadIPPluginJar : add aes
2021-01-26 08:52:01,011 [INFO] IPUIPlugin:65 - create IPUIPlugin
2021-01-26 08:52:01,012 [INFO] PluginManager:200 - loadIPPluginJar : add gic
2021-01-26 08:52:01,017 [INFO] IPUIPlugin:65 - create IPUIPlugin
2021-01-26 08:52:01,018 [INFO] PluginManager:200 - loadIPPluginJar : add hash
2021-01-26 08:52:01,039 [INFO] IPUIPlugin:65 - create IPUIPlugin
2021-01-26 08:52:01,039 [INFO] PluginManager:200 - loadIPPluginJar : add resmgrutility
2021-01-26 08:52:01,044 [INFO] IPUIPlugin:65 - create IPUIPlugin
2021-01-26 08:52:01,045 [INFO] PluginManager:200 - loadIPPluginJar : add usart
2021-01-26 08:52:01,054 [INFO] IPUIPlugin:65 - create IPUIPlugin
2021-01-26 08:52:01,054 [INFO] PluginManager:200 - loadIPPluginJar : add fmc
2021-01-26 08:52:01,060 [INFO] IPUIPlugin:65 - create IPUIPlugin
2021-01-26 08:52:01,060 [INFO] PluginManager:200 - loadIPPluginJar : add cryp
2021-01-26 08:52:01,063 [INFO] IPUIPlugin:65 - create IPUIPlugin
2021-01-26 08:52:01,064 [INFO] PluginManager:200 - loadIPPluginJar : add ltdc
2021-01-26 08:52:01,084 [INFO] IPUIPlugin:65 - create IPUIPlugin
2021-01-26 08:52:01,091 [INFO] PluginManager:200 - loadIPPluginJar : add plateformsettings
2021-01-26 08:52:01,095 [INFO] IPUIPlugin:65 - create IPUIPlugin
2021-01-26 08:52:01,096 [INFO] PluginManager:200 - loadIPPluginJar : add dfsdm
2021-01-26 08:52:01,110 [INFO] IPUIPlugin:65 - create IPUIPlugin
2021-01-26 08:52:01,111 [INFO] PluginManager:200 - loadIPPluginJar : add mdma
2021-01-26 08:52:01,749 [INFO] BoardConnectionPanel:3472 - [DDR PANEL] STM32CubeIDE environment
2021-01-26 08:52:01,750 [INFO] MainDdrPanel:103 - [DDR PANEL] GETTER - cubeProgrammerPath is: null
2021-01-26 08:52:02,178 [FATAL] Updater:277 - Updater called before beeing initialized
2021-01-26 08:52:02,494 [FATAL] Updater:277 - Updater called before beeing initialized
2021-01-26 08:52:02,495 [ERROR] IntegrityCheckThread:252 - Cannot obtain thirdParties list 21
2021-01-26 08:52:02,496 [ERROR] IntegrityCheckThread:100 - Unexpected exception IntegrityCheckThread Thread: Updater error
2021-01-26 08:52:02,498 [INFO] ThirdPartyDb:261 - Close Third Party DataBase File (/home/robert/.stm32cubemx/plugins/thirdparty/db/thirdparties_db.xml)
2021-01-26 08:52:02,756 [FATAL] Updater:277 - Updater called before beeing initialized
2021-01-26 08:52:02,805 [INFO] PinOutPanel:1420 - setPackage(No Configuration,No Configuration)
2021-01-26 08:52:02,813 [FATAL] Updater:277 - Updater called before beeing initialized
2021-01-26 08:52:02,831 [INFO] BoardConnectionPanel:3472 - [DDR PANEL] STM32CubeIDE environment
2021-01-26 08:52:02,843 [INFO] MainDdrPanel:103 - [DDR PANEL] GETTER - cubeProgrammerPath is: /opt/st/stm32cubeide_1.3.0/plugins/com.st.stm32cube.ide.mcu.externaltools.cubeprogrammer.linux64_1.3.0.202002181050/tools/bin
2021-01-26 08:52:02,888 [INFO] ProgrammerExecThread:148 - [ProgrammerAPI] CubeProgrammer command construction: /opt/st/stm32cubeide_1.3.0/plugins/com.st.stm32cube.ide.mcu.externaltools.cubeprogrammer.linux64_1.3.0.202002181050/tools/bin/STM32_Programmer_CLI -l
2021-01-26 08:52:03,589 [INFO] MainDdrPanel:93 - [DDR PANEL] SETTER - Set cubeProgrammerPath to: /opt/st/stm32cubeide_1.3.0/plugins/com.st.stm32cube.ide.mcu.externaltools.cubeprogrammer.linux64_1.3.0.202002181050/tools/bin
2021-01-26 08:52:03,719 [INFO] Updater:886 - Updater Version found : 5.6.0
2021-01-26 08:52:03,849 [INFO] ApplicationProperties:181 - Using Application install path: /opt/st/stm32cubeide_1.3.0/plugins/com.st.stm32cube.common.mx_5.6.0.202002181639
2021-01-26 08:52:04,432 [INFO] MainUpdater:2230 - connection check result : 10
2021-01-26 08:52:04,433 [INFO] MainUpdater:2874 - Updater definition file requires update
2021-01-26 08:52:04,446 [INFO] MainUpdater:236 - Updater Check For Update Now.
2021-01-26 08:52:04,448 [INFO] MicroXplorer:420 - Change Database Version : DB.5.0.60
2021-01-26 08:52:04,539 [INFO] ServerAccessManage:348 - Download File updaters.zip
2021-01-26 08:52:04,838 [INFO] FileExtend:225 - Unzip File : updaters.zip
2021-01-26 08:52:04,838 [INFO] FileExtend:240 - Standard Zip Deflate
2021-01-26 08:52:05,829 [INFO] ServerAccessManage:348 - Download File PacksControlFlags.xml
2021-01-26 08:52:05,969 [INFO] ServerAccessManage:348 - Download File cubemx.pidx
2021-01-26 08:52:07,510 [INFO] ServerAccessManage:348 - Download File STMicroelectronics.X-CUBE-DISPLAY.pdsc
2021-01-26 08:52:08,883 [INFO] ServerAccessManage:348 - Download File STMicroelectronics.X-CUBE-SUBG2.pdsc
2021-01-26 08:52:09,520 [INFO] ServerAccessManage:348 - Download File STMicroelectronics.X-CUBE-TOUCHGFX.pdsc
2021-01-26 08:52:09,951 [INFO] LoadServerUpdatesThread:301 - End of LoadServerUpdate Thread
2021-01-26 08:52:10,207 [INFO] ThirdPartyDb:295 - Open Third Party DataBase File (/home/robert/.stm32cubemx/plugins/thirdparty/db/thirdparties_db.xml) : 124 ms. number of Sw pack : 31
2021-01-26 08:52:10,227 [INFO] CheckServerUpdateThread:92 - End of CheckServer Thread
2021-01-26 08:52:10,261 [INFO] MainUpdater:2230 - connection check result : 10
2021-01-26 08:52:10,263 [INFO] LogOutputStream:76 - [STDOUT_REDIRECT] Successfull proxy connection.
2021-01-26 08:52:10,631 [INFO] ThirdPartyDb:261 - Close Third Party DataBase File (/home/robert/.stm32cubemx/plugins/thirdparty/db/thirdparties_db.xml)
2021-01-26 08:52:10,924 [INFO] ThirdPartyDb:295 - Open Third Party DataBase File (/home/robert/.stm32cubemx/plugins/thirdparty/db/thirdparties_db.xml) : 60 ms. number of Sw pack : 31
2021-01-26 08:52:11,014 [INFO] ThirdPartyDb:261 - Close Third Party DataBase File (/home/robert/.stm32cubemx/plugins/thirdparty/db/thirdparties_db.xml)
2021-01-26 08:52:11,355 [INFO] McuFinderGlobals:40 - Set McuFinder mode to 2 (CubeIDE integrated)
2021-01-26 08:52:11,379 [INFO] FinderPluginLoader:86 - Searching for filters in installed packs
2021-01-26 08:52:11,387 [INFO] ThirdPartyDb:295 - Open Third Party DataBase File (/home/robert/.stm32cubemx/plugins/thirdparty/db/thirdparties_db.xml) : 79 ms. number of Sw pack : 32
2021-01-26 08:52:11,390 [INFO] ThirdPartyDb:261 - Close Third Party DataBase File (/home/robert/.stm32cubemx/plugins/thirdparty/db/thirdparties_db.xml)
2021-01-26 08:52:11,415 [INFO] DbMcusXml:110 - Load MCU database from /opt/st/stm32cubeide_1.3.0/plugins/com.st.stm32cube.common.mx_5.6.0.202002181639//db//mcu/families.xml
2021-01-26 08:52:11,463 [INFO] PopulateThirdPartyThread:48 - Ending populate Thread
2021-01-26 08:52:11,568 [INFO] ThirdPartyDb:295 - Open Third Party DataBase File (/home/robert/.stm32cubemx/plugins/thirdparty/db/thirdparties_db.xml) : 75 ms. number of Sw pack : 33
2021-01-26 08:52:11,575 [INFO] Engine:366 - softwarePackList size : 33
2021-01-26 08:52:11,635 [INFO] Engine:378 - compute dependency for SwPack X-CUBE-AI have been done, and update is requested
2021-01-26 08:52:11,690 [INFO] Engine:378 - compute dependency for SwPack X-CUBE-BLE1 have been done, and update is requested
2021-01-26 08:52:11,755 [INFO] Engine:378 - compute dependency for SwPack X-CUBE-BLE2 have been done, and update is requested
2021-01-26 08:52:11,885 [INFO] Engine:378 - compute dependency for SwPack X-CUBE-GNSS1 have been done, and update is requested
2021-01-26 08:52:14,466 [INFO] DbMcusJson:90 - JSON generation date=Thu Nov 05 17:05:07 CET 2020 (1604592307)
2021-01-26 08:52:14,549 [INFO] Engine:378 - compute dependency for SwPack X-CUBE-MEMS1 have been done, and update is requested
2021-01-26 08:52:14,715 [INFO] Engine:378 - compute dependency for SwPack X-CUBE-NFC4 have been done, and update is requested
2021-01-26 08:52:14,839 [INFO] Engine:378 - compute dependency for SwPack X-CUBE-SUBG2 have been done, and update is requested
2021-01-26 08:52:14,936 [INFO] Engine:382 - compute dependency for SwPack X-CUBE-TOUCHGFX have been done, no update is requested
2021-01-26 08:52:14,963 [INFO] Engine:378 - compute dependency for SwPack X-CUBE-ALGOBUILD have been done, and update is requested
2021-01-26 08:52:15,178 [INFO] Engine:378 - compute dependency for SwPack CMSIS have been done, and update is requested
2021-01-26 08:52:15,242 [INFO] Engine:378 - compute dependency for SwPack X-CUBE-AI have been done, and update is requested
2021-01-26 08:52:17,568 [INFO] Engine:378 - compute dependency for SwPack X-CUBE-MEMS1 have been done, and update is requested
2021-01-26 08:52:17,706 [INFO] Engine:378 - compute dependency for SwPack X-CUBE-AI have been done, and update is requested
2021-01-26 08:52:17,768 [INFO] Engine:378 - compute dependency for SwPack X-CUBE-AI have been done, and update is requested
2021-01-26 08:52:17,815 [INFO] Engine:378 - compute dependency for SwPack X-CUBE-BLE1 have been done, and update is requested
2021-01-26 08:52:17,865 [INFO] Engine:378 - compute dependency for SwPack X-CUBE-BLE2 have been done, and update is requested
2021-01-26 08:52:17,918 [INFO] Engine:378 - compute dependency for SwPack X-CUBE-DISPLAY have been done, and update is requested
2021-01-26 08:52:17,963 [INFO] Engine:378 - compute dependency for SwPack X-CUBE-GNSS1 have been done, and update is requested
2021-01-26 08:52:18,687 [INFO] DbMcus:171 - Found 1670 MCUs (1625 are supported by CubeMX, 1625 are visible in CubeMX)
2021-01-26 08:52:18,699 [INFO] ApiDb:158 - Load user favorites file /home/robert/.stm32cubeide/favorites.mcus.txt: 0 item(s)
2021-01-26 08:52:18,701 [INFO] ApiDb:163 - User favorites MCUs=[]
2021-01-26 08:52:18,702 [INFO] DbMcus:183 - Set 0 / 0 favorites MCUs
2021-01-26 08:52:20,108 [INFO] Engine:378 - compute dependency for SwPack X-CUBE-MEMS1 have been done, and update is requested
2021-01-26 08:52:20,191 [INFO] Engine:378 - compute dependency for SwPack X-CUBE-NFC4 have been done, and update is requested
2021-01-26 08:52:20,258 [INFO] Engine:378 - compute dependency for SwPack X-CUBE-SUBG2 have been done, and update is requested
2021-01-26 08:52:20,317 [INFO] Engine:382 - compute dependency for SwPack X-CUBE-TOUCHGFX have been done, no update is requested
2021-01-26 08:52:20,331 [INFO] Engine:378 - compute dependency for SwPack X-CUBE-ALGOBUILD have been done, and update is requested
2021-01-26 08:52:20,406 [INFO] Engine:378 - compute dependency for SwPack X-CUBE-BLE1 have been done, and update is requested
2021-01-26 08:52:20,491 [INFO] Engine:378 - compute dependency for SwPack X-CUBE-BLE2 have been done, and update is requested
2021-01-26 08:52:20,540 [INFO] Engine:378 - compute dependency for SwPack X-CUBE-EEPRMA1 have been done, and update is requested
2021-01-26 08:52:20,569 [INFO] Engine:378 - compute dependency for SwPack X-CUBE-GNSS1 have been done, and update is requested
2021-01-26 08:52:22,441 [INFO] DbMcusAds:143 - JSON generation date=Wed Oct 21 15:42:18 CEST 2020 (1603287738)
2021-01-26 08:52:22,596 [INFO] Engine:378 - compute dependency for SwPack X-CUBE-MEMS1 have been done, and update is requested
2021-01-26 08:52:22,630 [INFO] Engine:378 - compute dependency for SwPack X-CUBE-NFC4 have been done, and update is requested
2021-01-26 08:52:22,663 [ERROR] ServerAccessManage:947 - Problem, file not found on Server
2021-01-26 08:52:22,665 [ERROR] ServerAccessManage:517 - Problem, file not found on Server : .
2021-01-26 08:52:22,665 [INFO] LoadUrlFilesThread:161 - End of LoadServerUrlFiles without Thread
2021-01-26 08:52:22,666 [WARN] McuDetailPanel:184 - Failed to get advertising image, set to default
2021-01-26 08:52:22,687 [INFO] Engine:378 - compute dependency for SwPack X-CUBE-SFXS2LP1 have been done, and update is requested
2021-01-26 08:52:22,786 [INFO] Engine:378 - compute dependency for SwPack X-CUBE-SUBG2 have been done, and update is requested
2021-01-26 08:52:22,928 [INFO] Engine:378 - compute dependency for SwPack X-CUBE-SUBG2 have been done, and update is requested
2021-01-26 08:52:22,960 [INFO] Engine:382 - compute dependency for SwPack X-CUBE-TOUCHGFX have been done, no update is requested
2021-01-26 08:52:22,961 [INFO] ThirdPartyDb:261 - Close Third Party DataBase File (/home/robert/.stm32cubemx/plugins/thirdparty/db/thirdparties_db.xml)
2021-01-26 08:52:23,223 [INFO] ThirdPartyDb:295 - Open Third Party DataBase File (/home/robert/.stm32cubemx/plugins/thirdparty/db/thirdparties_db.xml) : 72 ms. number of Sw pack : 33
2021-01-26 08:52:23,233 [INFO] DependencyParser:785 - This component is not compatible with the current MCU : [1611647530532]
2021-01-26 08:52:23,234 [INFO] ThirdPartyModel:521 - Component with status : MCU_INCOMPATIBLE for condition : GFX01M1_Condition id : 1611647530517
2021-01-26 08:52:23,234 [INFO] DependencyParser:785 - This component is not compatible with the current MCU : [1611647530532]
2021-01-26 08:52:23,234 [INFO] ThirdPartyModel:521 - Component with status : MCU_INCOMPATIBLE for condition : GFX01M1_HelloWorld_Condition id : 1611647530519
2021-01-26 08:52:23,240 [INFO] ThirdParty:899 - CMSIS Pack Vendor :STMicroelectronics X-CUBE-DISPLAY 1.0.0
2021-01-26 08:52:23,269 [INFO] ThirdParty:899 - CMSIS Pack Vendor :STMicroelectronics X-CUBE-DISPLAY 1.0.0
2021-01-26 08:52:23,269 [INFO] ThirdParty:899 - CMSIS Pack Vendor :STMicroelectronics X-CUBE-SUBG2 3.0.1
2021-01-26 08:52:23,274 [INFO] ThirdParty:899 - CMSIS Pack Vendor :STMicroelectronics X-CUBE-DISPLAY 1.0.0
2021-01-26 08:52:23,274 [INFO] ThirdParty:899 - CMSIS Pack Vendor :STMicroelectronics X-CUBE-SUBG2 3.0.1
2021-01-26 08:52:23,275 [INFO] ThirdParty:899 - CMSIS Pack Vendor :STMicroelectronics X-CUBE-TOUCHGFX 4.16.0
2021-01-26 08:52:24,592 [INFO] ServerAccessManage:348 - Download File mcusAds.json._tmp_
2021-01-26 08:52:24,625 [INFO] LoadUrlFilesThread:134 - End of LoadUrlFiles Thread
2021-01-26 08:52:25,436 [INFO] ServerAccessManage:348 - Download File mcusDocs.json._tmp_
2021-01-26 08:52:25,567 [INFO] LoadUrlFilesThread:134 - End of LoadUrlFiles Thread
2021-01-26 08:52:26,628 [INFO] ServerAccessManage:348 - Download File mcusFeaturesAndDescription.json._tmp_
2021-01-26 08:52:33,370 [INFO] LoadUrlFilesThread:134 - End of LoadUrlFiles Thread
2021-01-26 08:52:33,508 [INFO] ServerAccessManage:348 - Download File boardsDocs.json._tmp_
2021-01-26 08:52:33,758 [INFO] LoadUrlFilesThread:134 - End of LoadUrlFiles Thread
2021-01-26 08:52:33,929 [INFO] ServerAccessManage:348 - Download File boards.json._tmp_
2021-01-26 08:52:34,218 [INFO] LoadUrlFilesThread:134 - End of LoadUrlFiles Thread
2021-01-26 08:52:34,521 [INFO] ServerAccessManage:348 - Download File crdb.zip
2021-01-26 08:52:34,989 [INFO] FileExtend:225 - Unzip File : crdb.zip
2021-01-26 08:52:34,993 [INFO] FileExtend:240 - Standard Zip Deflate
2021-01-26 08:52:35,034 [INFO] LoadUrlFilesThread:134 - End of LoadUrlFiles Thread
2021-01-26 08:52:35,036 [INFO] DbMcusAds:143 - JSON generation date=Fri Jan 08 15:29:53 CET 2021 (1610116193)
2021-01-26 08:52:35,109 [INFO] DbMcusDocs:142 - JSON generation date=Wed Jan 20 10:17:20 CET 2021 (1611134240)
2021-01-26 08:52:35,823 [INFO] DbMcusDocs:77 - Found 601 MCUs documents
2021-01-26 08:52:35,824 [INFO] ApiDb:186 - Save user favorites file /home/robert/.stm32cubeide/favorites.mcus.txt: 0 item(s)
2021-01-26 08:52:35,824 [INFO] ApiDb:191 - User favorites MCUs=[]
2021-01-26 08:52:35,825 [INFO] DbMcusXml:110 - Load MCU database from /opt/st/stm32cubeide_1.3.0/plugins/com.st.stm32cube.common.mx_5.6.0.202002181639//db//mcu/families.xml
2021-01-26 08:52:37,209 [INFO] DbMcusJson:90 - JSON generation date=Wed Jan 20 10:17:20 CET 2021 (1611134240)
2021-01-26 08:52:39,196 [INFO] DbMcus:171 - Found 1670 MCUs (1625 are supported by CubeMX, 1625 are visible in CubeMX)
2021-01-26 08:52:39,197 [INFO] ApiDb:158 - Load user favorites file /home/robert/.stm32cubeide/favorites.mcus.txt: 0 item(s)
2021-01-26 08:52:39,197 [INFO] ApiDb:163 - User favorites MCUs=[]
2021-01-26 08:52:39,197 [INFO] DbMcus:183 - Set 0 / 0 favorites MCUs
2021-01-26 08:52:39,318 [INFO] McuFilterPanel:249 - Update 0 favorites MCUs
2021-01-26 08:52:39,913 [INFO] DbBoardsDocs:131 - JSON generation date=Wed Jan 20 10:17:20 CET 2021 (1611134240)
2021-01-26 08:52:39,947 [INFO] DbBoardsPdsc:92 - Found 9 items
2021-01-26 08:52:39,985 [INFO] DbBoardsPdsc:92 - Found 40 items
2021-01-26 08:52:40,007 [INFO] DbBoardsPdsc:92 - Found 22 items
2021-01-26 08:52:40,048 [INFO] DbBoardsPdsc:92 - Found 39 items
2021-01-26 08:52:40,072 [INFO] DbBoardsPdsc:92 - Found 28 items
2021-01-26 08:52:40,076 [INFO] DbBoardsPdsc:92 - Found 4 items
2021-01-26 08:52:40,083 [INFO] DbBoardsPdsc:92 - Found 2 items
2021-01-26 08:52:40,093 [INFO] DbBoardsPdsc:92 - Found 1 items
2021-01-26 08:52:40,104 [WARN] DbBoardsPdsc:256 - Board STM32H7B3I-DK: unknown feature type=Audio, name=, username=Audio stereo codec with Headphone Amp (CS42L51-CNZ), n=1
2021-01-26 08:52:40,104 [WARN] DbBoardsPdsc:256 - Board STM32H7B3I-DK: unknown feature type=WIFI, name=, username=WIFI 802.11 b/g/n, n=1
2021-01-26 08:52:40,113 [WARN] DbBoardsPdsc:256 - Board STM32H7B3I-EVAL: unknown feature type=Audio, name=, username=Multi-Channel Audio Codec (CS42L51-CNZ), n=1
2021-01-26 08:52:40,114 [WARN] DbBoardsPdsc:256 - Board STM32H7B3I-EVAL: unknown feature type=Meter, name=, username=Power-metering and Temperature-monitoring with sigma-delta modulators, n=1
2021-01-26 08:52:40,114 [WARN] DbBoardsPdsc:256 - Board STM32H7B3I-EVAL: unknown feature type=WIFI, name=, username=WIFI 802.11 a/b/g/n, n=1
2021-01-26 08:52:40,114 [WARN] DbBoardsPdsc:256 - Board STM32H7B3I-EVAL: unknown feature type=Motor, name=, username=Motor Control, n=1
2021-01-26 08:52:40,166 [INFO] DbBoardsJson:80 - JSON generation date=Wed Jan 20 09:08:10 CET 2021 (1611130090)
2021-01-26 08:52:40,188 [INFO] DbBoards:120 - Found 148 boards (142 are supported by CubeMX)
2021-01-26 08:52:40,209 [INFO] DbBoardsDocs:131 - JSON generation date=Wed Jan 20 10:17:20 CET 2021 (1611134240)
2021-01-26 08:52:40,258 [INFO] DbBoardsDocs:70 - Found 190 boards documents
2021-01-26 08:52:40,260 [WARN] DbBoards:130 - board STM32F401C-DISCO has no document id list !
2021-01-26 08:52:40,261 [WARN] DbBoards:130 - board STM32F769I-DISC1 has no document id list !
2021-01-26 08:52:40,262 [WARN] DbBoards:130 - board STM32L-DISCOVERY has no document id list !
2021-01-26 08:52:40,263 [WARN] DbBoards:130 - board STM32H747I-DISC1 has no document id list !
2021-01-26 08:52:40,265 [WARN] DbBoards:130 - board STM32MP157A-DK1 has no document id list !
2021-01-26 08:52:40,266 [WARN] DbBoards:130 - board NUCLEO-H743ZI2 has no document id list !
2021-01-26 08:52:40,268 [WARN] DbBoards:130 - board STM32H743I-EVAL2 has no document id list !
2021-01-26 08:52:40,269 [WARN] DbBoards:130 - board STM32H753I-EVAL2 has no document id list !
2021-01-26 08:52:40,269 [WARN] DbBoards:130 - board STM32G474E-EVAL1 has no document id list !
2021-01-26 08:52:40,271 [WARN] DbBoards:130 - board P-NUCLEO-WB55-Nucleo has no document id list !
2021-01-26 08:52:40,273 [WARN] DbBoards:130 - board P-NUCLEO-WB55-USBDongle has no document id list !
2021-01-26 08:52:40,274 [WARN] DbBoards:130 - board NUCLEO-WB35CE has no document id list !
2021-01-26 08:52:40,274 [WARN] DbBoards:130 - board STEVAL-MKSBOX1V1 has no document id list !
2021-01-26 08:52:40,274 [WARN] DbBoards:130 - board STEVAL-STWINKT1 has no document id list !
2021-01-26 08:52:40,275 [WARN] DbBoards:130 - board STEVAL-IDP005V1 has no document id list !
2021-01-26 08:52:40,275 [WARN] DbBoards:130 - board STEVAL-IDP005V2 has no document id list !
2021-01-26 08:52:40,275 [WARN] DbBoards:130 - board STEVAL-BFA001V1B has no document id list !
2021-01-26 08:52:40,275 [WARN] DbBoards:130 - board STEVAL-BFA001V2B has no document id list !
2021-01-26 08:52:41,717 [ERROR] DbBoards:192 - Image file not found for board STM32H7B3I-DK: /opt/st/stm32cubeide_1.3.0/plugins/com.st.stm32cube.common.mx_5.6.0.202002181639//db//plugins/mcufinder/images/boards/stm32h7b3i-dk_small.jpg
2021-01-26 08:52:42,576 [ERROR] DbBoards:192 - Image file not found for board STM32H747I-EVAL: /opt/st/stm32cubeide_1.3.0/plugins/com.st.stm32cube.common.mx_5.6.0.202002181639//db//plugins/mcufinder/images/boards/stm32h747ieval_small.jpg
2021-01-26 08:52:42,576 [ERROR] DbBoards:192 - Image file not found for board STM32H757I-EVAL: /opt/st/stm32cubeide_1.3.0/plugins/com.st.stm32cube.common.mx_5.6.0.202002181639//db//plugins/mcufinder/images/boards/stm32h747ieval_small.jpg
2021-01-26 08:52:43,497 [ERROR] DbBoards:192 - Image file not found for board B-L4S5I-IOT01A: /opt/st/stm32cubeide_1.3.0/plugins/com.st.stm32cube.common.mx_5.6.0.202002181639//db//plugins/mcufinder/images/boards/B-L4S5I-IOT01A_small.jpg
2021-01-26 08:52:43,497 [ERROR] DbBoards:192 - Image file not found for board STM32H735G-DK: /opt/st/stm32cubeide_1.3.0/plugins/com.st.stm32cube.common.mx_5.6.0.202002181639//db//plugins/mcufinder/images/boards/STM32H735G_DK_small.jpg
2021-01-26 08:52:43,497 [INFO] ApiDb:158 - Load user favorites file /home/robert/.stm32cubeide/favorites.boards.txt: 0 item(s)
2021-01-26 08:52:43,498 [INFO] ApiDb:163 - User favorites Boards=[]
2021-01-26 08:52:43,498 [INFO] DbBoards:209 - Set 0 / 0 favorites Boards
2021-01-26 08:52:43,508 [INFO] DbBoardsDocs:70 - Found 380 boards documents
2021-01-26 08:52:43,509 [INFO] ApiDb:186 - Save user favorites file /home/robert/.stm32cubeide/favorites.boards.txt: 0 item(s)
2021-01-26 08:52:43,509 [INFO] ApiDb:191 - User favorites Boards=[]
2021-01-26 08:52:43,513 [INFO] DbBoardsPdsc:92 - Found 9 items
2021-01-26 08:52:43,520 [INFO] DbBoardsPdsc:92 - Found 40 items
2021-01-26 08:52:43,524 [INFO] DbBoardsPdsc:92 - Found 22 items
2021-01-26 08:52:43,533 [INFO] DbBoardsPdsc:92 - Found 39 items
2021-01-26 08:52:43,538 [INFO] DbBoardsPdsc:92 - Found 28 items
2021-01-26 08:52:43,541 [INFO] DbBoardsPdsc:92 - Found 4 items
2021-01-26 08:52:43,543 [INFO] DbBoardsPdsc:92 - Found 2 items
2021-01-26 08:52:43,546 [INFO] DbBoardsPdsc:92 - Found 1 items
2021-01-26 08:52:43,549 [WARN] DbBoardsPdsc:256 - Board STM32H7B3I-DK: unknown feature type=Audio, name=, username=Audio stereo codec with Headphone Amp (CS42L51-CNZ), n=1
2021-01-26 08:52:43,549 [WARN] DbBoardsPdsc:256 - Board STM32H7B3I-DK: unknown feature type=WIFI, name=, username=WIFI 802.11 b/g/n, n=1
2021-01-26 08:52:43,553 [WARN] DbBoardsPdsc:256 - Board STM32H7B3I-EVAL: unknown feature type=Audio, name=, username=Multi-Channel Audio Codec (CS42L51-CNZ), n=1
2021-01-26 08:52:43,554 [WARN] DbBoardsPdsc:256 - Board STM32H7B3I-EVAL: unknown feature type=Meter, name=, username=Power-metering and Temperature-monitoring with sigma-delta modulators, n=1
2021-01-26 08:52:43,554 [WARN] DbBoardsPdsc:256 - Board STM32H7B3I-EVAL: unknown feature type=WIFI, name=, username=WIFI 802.11 a/b/g/n, n=1
2021-01-26 08:52:43,554 [WARN] DbBoardsPdsc:256 - Board STM32H7B3I-EVAL: unknown feature type=Motor, name=, username=Motor Control, n=1
2021-01-26 08:52:43,581 [INFO] DbBoardsJson:80 - JSON generation date=Wed Jan 20 09:08:10 CET 2021 (1611130090)
2021-01-26 08:52:43,592 [INFO] DbBoards:120 - Found 148 boards (142 are supported by CubeMX)
2021-01-26 08:52:43,595 [WARN] DbBoards:130 - board STM32F401C-DISCO has no document id list !
2021-01-26 08:52:43,596 [WARN] DbBoards:130 - board STM32F769I-DISC1 has no document id list !
2021-01-26 08:52:43,597 [WARN] DbBoards:130 - board STM32L-DISCOVERY has no document id list !
2021-01-26 08:52:43,599 [WARN] DbBoards:130 - board STM32H747I-DISC1 has no document id list !
2021-01-26 08:52:43,600 [WARN] DbBoards:130 - board STM32MP157A-DK1 has no document id list !
2021-01-26 08:52:43,602 [WARN] DbBoards:130 - board NUCLEO-H743ZI2 has no document id list !
2021-01-26 08:52:43,603 [WARN] DbBoards:130 - board STM32H743I-EVAL2 has no document id list !
2021-01-26 08:52:43,604 [WARN] DbBoards:130 - board STM32H753I-EVAL2 has no document id list !
2021-01-26 08:52:43,605 [WARN] DbBoards:130 - board STM32G474E-EVAL1 has no document id list !
2021-01-26 08:52:43,607 [WARN] DbBoards:130 - board P-NUCLEO-WB55-Nucleo has no document id list !
2021-01-26 08:52:43,608 [WARN] DbBoards:130 - board P-NUCLEO-WB55-USBDongle has no document id list !
2021-01-26 08:52:43,608 [WARN] DbBoards:130 - board NUCLEO-WB35CE has no document id list !
2021-01-26 08:52:43,608 [WARN] DbBoards:130 - board STEVAL-MKSBOX1V1 has no document id list !
2021-01-26 08:52:43,608 [WARN] DbBoards:130 - board STEVAL-STWINKT1 has no document id list !
2021-01-26 08:52:43,610 [WARN] DbBoards:130 - board STEVAL-IDP005V1 has no document id list !
2021-01-26 08:52:43,610 [WARN] DbBoards:130 - board STEVAL-IDP005V2 has no document id list !
2021-01-26 08:52:43,611 [WARN] DbBoards:130 - board STEVAL-BFA001V1B has no document id list !
2021-01-26 08:52:43,611 [WARN] DbBoards:130 - board STEVAL-BFA001V2B has no document id list !
2021-01-26 08:52:44,016 [ERROR] DbBoards:192 - Image file not found for board STM32H7B3I-DK: /opt/st/stm32cubeide_1.3.0/plugins/com.st.stm32cube.common.mx_5.6.0.202002181639//db//plugins/mcufinder/images/boards/stm32h7b3i-dk_small.jpg
2021-01-26 08:52:44,504 [ERROR] DbBoards:192 - Image file not found for board STM32H747I-EVAL: /opt/st/stm32cubeide_1.3.0/plugins/com.st.stm32cube.common.mx_5.6.0.202002181639//db//plugins/mcufinder/images/boards/stm32h747ieval_small.jpg
2021-01-26 08:52:44,504 [ERROR] DbBoards:192 - Image file not found for board STM32H757I-EVAL: /opt/st/stm32cubeide_1.3.0/plugins/com.st.stm32cube.common.mx_5.6.0.202002181639//db//plugins/mcufinder/images/boards/stm32h747ieval_small.jpg
2021-01-26 08:52:44,931 [ERROR] DbBoards:192 - Image file not found for board B-L4S5I-IOT01A: /opt/st/stm32cubeide_1.3.0/plugins/com.st.stm32cube.common.mx_5.6.0.202002181639//db//plugins/mcufinder/images/boards/B-L4S5I-IOT01A_small.jpg
2021-01-26 08:52:44,931 [ERROR] DbBoards:192 - Image file not found for board STM32H735G-DK: /opt/st/stm32cubeide_1.3.0/plugins/com.st.stm32cube.common.mx_5.6.0.202002181639//db//plugins/mcufinder/images/boards/STM32H735G_DK_small.jpg
2021-01-26 08:52:44,933 [INFO] ApiDb:158 - Load user favorites file /home/robert/.stm32cubeide/favorites.boards.txt: 0 item(s)
2021-01-26 08:52:44,933 [INFO] ApiDb:163 - User favorites Boards=[]
2021-01-26 08:52:44,934 [INFO] DbBoards:209 - Set 0 / 0 favorites Boards
2021-01-26 08:52:45,281 [ERROR] ServerAccessManage:947 - Problem, file not found on Server
2021-01-26 08:52:45,282 [ERROR] ServerAccessManage:517 - Problem, file not found on Server : .
2021-01-26 08:52:45,282 [INFO] LoadUrlFilesThread:161 - End of LoadServerUrlFiles without Thread
2021-01-26 08:52:45,282 [ERROR] MultiScanPanel:745 - Unable to refresh data
2021-01-26 08:52:45,283 [INFO] McuFilterPanel:249 - Update 0 favorites MCUs
2021-01-26 08:52:46,120 [INFO] ServerAccessManage:348 - Download File 
2021-01-26 08:52:46,293 [INFO] LoadUrlFilesThread:161 - End of LoadServerUrlFiles without Thread
2021-01-26 08:52:46,316 [INFO] BoardDetailPanel:180 - Set advertising image to /home/robert/STM32Cube/Repository//STM32WB_wireless_module_P4311S_big.png
2021-01-26 08:52:46,768 [INFO] ServerAccessManage:348 - Download File mcusAds.json._tmp_
2021-01-26 08:52:46,800 [INFO] LoadUrlFilesThread:134 - End of LoadUrlFiles Thread
2021-01-26 08:52:46,945 [INFO] ServerAccessManage:348 - Download File mcusDocs.json._tmp_
2021-01-26 08:52:47,078 [INFO] LoadUrlFilesThread:134 - End of LoadUrlFiles Thread
2021-01-26 08:52:47,252 [INFO] ServerAccessManage:348 - Download File mcusFeaturesAndDescription.json._tmp_
2021-01-26 08:52:53,630 [INFO] LoadUrlFilesThread:134 - End of LoadUrlFiles Thread
2021-01-26 08:52:53,799 [INFO] ServerAccessManage:348 - Download File boardsDocs.json._tmp_
2021-01-26 08:52:54,045 [INFO] LoadUrlFilesThread:134 - End of LoadUrlFiles Thread
2021-01-26 08:52:54,190 [INFO] ServerAccessManage:348 - Download File boards.json._tmp_
2021-01-26 08:52:54,481 [INFO] LoadUrlFilesThread:134 - End of LoadUrlFiles Thread
2021-01-26 08:52:54,736 [INFO] ServerAccessManage:348 - Download File crdb.zip
2021-01-26 08:52:55,211 [INFO] FileExtend:225 - Unzip File : crdb.zip
2021-01-26 08:52:55,220 [INFO] FileExtend:240 - Standard Zip Deflate
2021-01-26 08:52:55,255 [INFO] LoadUrlFilesThread:134 - End of LoadUrlFiles Thread
2021-01-26 08:52:55,260 [INFO] DbMcusAds:143 - JSON generation date=Fri Jan 08 15:29:53 CET 2021 (1610116193)
2021-01-26 08:52:55,269 [INFO] DbMcusDocs:142 - JSON generation date=Wed Jan 20 10:17:20 CET 2021 (1611134240)
2021-01-26 08:52:55,665 [INFO] DbMcusDocs:77 - Found 614 MCUs documents
2021-01-26 08:52:55,667 [INFO] ApiDb:186 - Save user favorites file /home/robert/.stm32cubeide/favorites.mcus.txt: 0 item(s)
2021-01-26 08:52:55,667 [INFO] ApiDb:191 - User favorites MCUs=[]
2021-01-26 08:52:55,667 [INFO] DbMcusXml:110 - Load MCU database from /opt/st/stm32cubeide_1.3.0/plugins/com.st.stm32cube.common.mx_5.6.0.202002181639//db//mcu/families.xml
2021-01-26 08:52:56,457 [INFO] DbMcusJson:90 - JSON generation date=Wed Jan 20 10:17:20 CET 2021 (1611134240)
2021-01-26 08:52:57,977 [INFO] DbMcus:171 - Found 1670 MCUs (1625 are supported by CubeMX, 1625 are visible in CubeMX)
2021-01-26 08:52:57,978 [INFO] ApiDb:158 - Load user favorites file /home/robert/.stm32cubeide/favorites.mcus.txt: 0 item(s)
2021-01-26 08:52:57,978 [INFO] ApiDb:163 - User favorites MCUs=[]
2021-01-26 08:52:57,978 [INFO] DbMcus:183 - Set 0 / 0 favorites MCUs
2021-01-26 08:52:58,071 [INFO] McuFilterPanel:249 - Update 0 favorites MCUs
2021-01-26 08:52:58,517 [INFO] DbBoardsDocs:131 - JSON generation date=Wed Jan 20 10:17:20 CET 2021 (1611134240)
2021-01-26 08:52:58,531 [INFO] DbBoardsDocs:70 - Found 190 boards documents
2021-01-26 08:52:58,532 [INFO] ApiDb:186 - Save user favorites file /home/robert/.stm32cubeide/favorites.boards.txt: 0 item(s)
2021-01-26 08:52:58,532 [INFO] ApiDb:191 - User favorites Boards=[]
2021-01-26 08:52:58,537 [INFO] DbBoardsPdsc:92 - Found 9 items
2021-01-26 08:52:58,548 [INFO] DbBoardsPdsc:92 - Found 40 items
2021-01-26 08:52:58,553 [INFO] DbBoardsPdsc:92 - Found 22 items
2021-01-26 08:52:58,565 [INFO] DbBoardsPdsc:92 - Found 39 items
2021-01-26 08:52:58,570 [INFO] DbBoardsPdsc:92 - Found 28 items
2021-01-26 08:52:58,573 [INFO] DbBoardsPdsc:92 - Found 4 items
2021-01-26 08:52:58,576 [INFO] DbBoardsPdsc:92 - Found 2 items
2021-01-26 08:52:58,578 [INFO] DbBoardsPdsc:92 - Found 1 items
2021-01-26 08:52:58,581 [WARN] DbBoardsPdsc:256 - Board STM32H7B3I-DK: unknown feature type=Audio, name=, username=Audio stereo codec with Headphone Amp (CS42L51-CNZ), n=1
2021-01-26 08:52:58,582 [WARN] DbBoardsPdsc:256 - Board STM32H7B3I-DK: unknown feature type=WIFI, name=, username=WIFI 802.11 b/g/n, n=1
2021-01-26 08:52:58,587 [WARN] DbBoardsPdsc:256 - Board STM32H7B3I-EVAL: unknown feature type=Audio, name=, username=Multi-Channel Audio Codec (CS42L51-CNZ), n=1
2021-01-26 08:52:58,587 [WARN] DbBoardsPdsc:256 - Board STM32H7B3I-EVAL: unknown feature type=Meter, name=, username=Power-metering and Temperature-monitoring with sigma-delta modulators, n=1
2021-01-26 08:52:58,587 [WARN] DbBoardsPdsc:256 - Board STM32H7B3I-EVAL: unknown feature type=WIFI, name=, username=WIFI 802.11 a/b/g/n, n=1
2021-01-26 08:52:58,588 [WARN] DbBoardsPdsc:256 - Board STM32H7B3I-EVAL: unknown feature type=Motor, name=, username=Motor Control, n=1
2021-01-26 08:52:58,611 [INFO] DbBoardsJson:80 - JSON generation date=Wed Jan 20 09:08:10 CET 2021 (1611130090)
2021-01-26 08:52:58,630 [INFO] DbBoards:120 - Found 148 boards (142 are supported by CubeMX)
2021-01-26 08:52:58,631 [WARN] DbBoards:130 - board STM32F401C-DISCO has no document id list !
2021-01-26 08:52:58,632 [WARN] DbBoards:130 - board STM32F769I-DISC1 has no document id list !
2021-01-26 08:52:58,632 [WARN] DbBoards:130 - board STM32L-DISCOVERY has no document id list !
2021-01-26 08:52:58,633 [WARN] DbBoards:130 - board STM32H747I-DISC1 has no document id list !
2021-01-26 08:52:58,633 [WARN] DbBoards:130 - board STM32MP157A-DK1 has no document id list !
2021-01-26 08:52:58,633 [WARN] DbBoards:130 - board NUCLEO-H743ZI2 has no document id list !
2021-01-26 08:52:58,634 [WARN] DbBoards:130 - board STM32H743I-EVAL2 has no document id list !
2021-01-26 08:52:58,634 [WARN] DbBoards:130 - board STM32H753I-EVAL2 has no document id list !
2021-01-26 08:52:58,635 [WARN] DbBoards:130 - board STM32G474E-EVAL1 has no document id list !
2021-01-26 08:52:58,635 [WARN] DbBoards:130 - board P-NUCLEO-WB55-Nucleo has no document id list !
2021-01-26 08:52:58,635 [WARN] DbBoards:130 - board P-NUCLEO-WB55-USBDongle has no document id list !
2021-01-26 08:52:58,636 [WARN] DbBoards:130 - board NUCLEO-WB35CE has no document id list !
2021-01-26 08:52:58,636 [WARN] DbBoards:130 - board STEVAL-MKSBOX1V1 has no document id list !
2021-01-26 08:52:58,636 [WARN] DbBoards:130 - board STEVAL-STWINKT1 has no document id list !
2021-01-26 08:52:58,636 [WARN] DbBoards:130 - board STEVAL-IDP005V1 has no document id list !
2021-01-26 08:52:58,636 [WARN] DbBoards:130 - board STEVAL-IDP005V2 has no document id list !
2021-01-26 08:52:58,636 [WARN] DbBoards:130 - board STEVAL-BFA001V1B has no document id list !
2021-01-26 08:52:58,637 [WARN] DbBoards:130 - board STEVAL-BFA001V2B has no document id list !
2021-01-26 08:52:59,218 [ERROR] DbBoards:192 - Image file not found for board STM32H7B3I-DK: /opt/st/stm32cubeide_1.3.0/plugins/com.st.stm32cube.common.mx_5.6.0.202002181639//db//plugins/mcufinder/images/boards/stm32h7b3i-dk_small.jpg
2021-01-26 08:52:59,764 [ERROR] DbBoards:192 - Image file not found for board STM32H747I-EVAL: /opt/st/stm32cubeide_1.3.0/plugins/com.st.stm32cube.common.mx_5.6.0.202002181639//db//plugins/mcufinder/images/boards/stm32h747ieval_small.jpg
2021-01-26 08:52:59,765 [ERROR] DbBoards:192 - Image file not found for board STM32H757I-EVAL: /opt/st/stm32cubeide_1.3.0/plugins/com.st.stm32cube.common.mx_5.6.0.202002181639//db//plugins/mcufinder/images/boards/stm32h747ieval_small.jpg
2021-01-26 08:53:00,198 [ERROR] DbBoards:192 - Image file not found for board B-L4S5I-IOT01A: /opt/st/stm32cubeide_1.3.0/plugins/com.st.stm32cube.common.mx_5.6.0.202002181639//db//plugins/mcufinder/images/boards/B-L4S5I-IOT01A_small.jpg
2021-01-26 08:53:00,199 [ERROR] DbBoards:192 - Image file not found for board STM32H735G-DK: /opt/st/stm32cubeide_1.3.0/plugins/com.st.stm32cube.common.mx_5.6.0.202002181639//db//plugins/mcufinder/images/boards/STM32H735G_DK_small.jpg
2021-01-26 08:53:00,199 [INFO] ApiDb:158 - Load user favorites file /home/robert/.stm32cubeide/favorites.boards.txt: 0 item(s)
2021-01-26 08:53:00,199 [INFO] ApiDb:163 - User favorites Boards=[]
2021-01-26 08:53:00,200 [INFO] DbBoards:209 - Set 0 / 0 favorites Boards
2021-01-26 08:53:00,209 [INFO] BoardFilterPanel:211 - Update 0 favorites Boards
2021-01-26 08:53:00,495 [INFO] LoadUrlFilesThread:161 - End of LoadServerUrlFiles without Thread
2021-01-26 08:53:00,495 [INFO] MultiScanPanel:739 - Refresh data is succesful
2021-01-26 08:53:00,496 [INFO] BoardFilterPanel:211 - Update 0 favorites Boards
2021-01-26 08:53:00,663 [INFO] CrossSelectorPresenter:1319 - Cross Selector saved comparison directory: /home/robert/.stmcufinder/plugins/mcufinder/mcu/cs_comparisons_mx
2021-01-26 08:54:26,573 [INFO] MainUpdater:2230 - connection check result : 10
2021-01-26 08:54:26,574 [INFO] LogOutputStream:76 - [STDOUT_REDIRECT] Successfull proxy connection.
2021-01-26 08:54:26,658 [INFO] McuFinderGlobals:40 - Set McuFinder mode to 2 (CubeIDE integrated)
2021-01-26 08:54:26,662 [INFO] FinderPluginLoader:86 - Searching for filters in installed packs
2021-01-26 08:54:28,235 [INFO] LoadUrlFilesThread:161 - End of LoadServerUrlFiles without Thread
2021-01-26 08:54:28,236 [INFO] McuDetailPanel:181 - Set advertising image to /home/robert/STM32Cube/Repository//STM32WB_wireless_module_P4311S_big.png
2021-01-26 08:54:28,714 [INFO] McuFilterPanel:249 - Update 0 favorites MCUs
2021-01-26 08:54:28,969 [INFO] LoadUrlFilesThread:161 - End of LoadServerUrlFiles without Thread
2021-01-26 08:54:28,970 [INFO] BoardDetailPanel:180 - Set advertising image to /home/robert/STM32Cube/Repository//STM32WB_wireless_module_P4311S_big.png
2021-01-26 08:54:28,995 [INFO] BoardFilterPanel:211 - Update 0 favorites Boards
2021-01-26 08:54:29,030 [INFO] CrossSelectorPresenter:1319 - Cross Selector saved comparison directory: /home/robert/.stmcufinder/plugins/mcufinder/mcu/cs_comparisons_mx
2021-01-26 09:43:23,385 [INFO] Activator:176 - 


2021-01-26 09:43:23,426 [INFO] Activator:177 - !SESSION log4j initialized
2021-01-26 09:45:07,668 [INFO] ApplicationProperties:181 - Using Application install path: /opt/st/stm32cubeide_1.3.0/plugins/com.st.stm32cube.common.mx_5.6.0.202002181639
2021-01-26 09:45:07,763 [INFO] DbMcusXml:72 - Set database path to: /opt/st/stm32cubeide_1.3.0/plugins/com.st.stm32cube.common.mx_5.6.0.202002181639//db//mcu/
2021-01-26 09:45:07,772 [INFO] DbBoardsPdsc:54 - Set plugin database path to: /opt/st/stm32cubeide_1.3.0/plugins/com.st.stm32cube.common.mx_5.6.0.202002181639//db//plugins/boardmanager/
2021-01-26 09:45:07,773 [INFO] DbMcus:235 - Set plugin images path to: /opt/st/stm32cubeide_1.3.0/plugins/com.st.stm32cube.common.mx_5.6.0.202002181639//db//plugins/mcufinder/images/
2021-01-26 09:45:07,774 [INFO] DbBoards:232 - Set plugin images path to: /opt/st/stm32cubeide_1.3.0/plugins/com.st.stm32cube.common.mx_5.6.0.202002181639//db//plugins/mcufinder/images/
2021-01-26 09:45:07,890 [INFO] DbMcusAds:85 - Set database path to: /home/robert/.stmcufinder/plugins/mcufinder//mcu/
2021-01-26 09:45:07,893 [INFO] DbMcusDocs:108 - Set database path to: /home/robert/.stmcufinder/plugins/mcufinder//mcu/
2021-01-26 09:45:07,897 [INFO] DbMcusJson:61 - Set database path to: /home/robert/.stmcufinder/plugins/mcufinder//mcu/
2021-01-26 09:45:07,899 [INFO] DbBoardsDocs:97 - Set database path to: /home/robert/.stmcufinder/plugins/mcufinder//mcu/
2021-01-26 09:45:07,902 [INFO] DbBoardsJson:51 - Set database path to: /home/robert/.stmcufinder/plugins/mcufinder//mcu/
2021-01-26 09:45:08,036 [INFO] CrossReferenceDbSqlite:197 - Set database path to: /home/robert/.stmcufinder/plugins/mcufinder//mcu/cs/
2021-01-26 09:45:08,372 [INFO] RulesReader:52 - Compatibility file has been processed (208 Rules)
2021-01-26 09:45:08,709 [INFO] MicroXplorer:570 - Detected Java Version = 1.8.0_242
2021-01-26 09:45:08,710 [INFO] DbMcusXml:72 - Set database path to: /opt/st/stm32cubeide_1.3.0/plugins/com.st.stm32cube.common.mx_5.6.0.202002181639//db//mcu/
2021-01-26 09:45:08,711 [INFO] DbBoardsPdsc:54 - Set plugin database path to: /opt/st/stm32cubeide_1.3.0/plugins/com.st.stm32cube.common.mx_5.6.0.202002181639//db//plugins/boardmanager/
2021-01-26 09:45:08,711 [INFO] DbMcus:235 - Set plugin images path to: /opt/st/stm32cubeide_1.3.0/plugins/com.st.stm32cube.common.mx_5.6.0.202002181639//db//plugins/mcufinder/images/
2021-01-26 09:45:08,714 [INFO] DbBoards:232 - Set plugin images path to: /opt/st/stm32cubeide_1.3.0/plugins/com.st.stm32cube.common.mx_5.6.0.202002181639//db//plugins/mcufinder/images/
2021-01-26 09:45:08,715 [WARN] DbFile:36 - Overriding database path with different value: /home/robert/.stmcufinder/plugins/mcufinder/ => /home/robert/.stmcufinder/plugins/mcufinder
2021-01-26 09:45:08,716 [INFO] DbMcusAds:85 - Set database path to: /home/robert/.stmcufinder/plugins/mcufinder//mcu/
2021-01-26 09:45:08,717 [WARN] DbFile:36 - Overriding database path with different value: /home/robert/.stmcufinder/plugins/mcufinder/ => /home/robert/.stmcufinder/plugins/mcufinder
2021-01-26 09:45:08,717 [INFO] DbMcusDocs:108 - Set database path to: /home/robert/.stmcufinder/plugins/mcufinder//mcu/
2021-01-26 09:45:08,718 [WARN] DbFile:36 - Overriding database path with different value: /home/robert/.stmcufinder/plugins/mcufinder/ => /home/robert/.stmcufinder/plugins/mcufinder
2021-01-26 09:45:08,718 [INFO] DbMcusJson:61 - Set database path to: /home/robert/.stmcufinder/plugins/mcufinder//mcu/
2021-01-26 09:45:08,719 [WARN] DbFile:36 - Overriding database path with different value: /home/robert/.stmcufinder/plugins/mcufinder/ => /home/robert/.stmcufinder/plugins/mcufinder
2021-01-26 09:45:08,720 [INFO] DbBoardsDocs:97 - Set database path to: /home/robert/.stmcufinder/plugins/mcufinder//mcu/
2021-01-26 09:45:08,720 [WARN] DbFile:36 - Overriding database path with different value: /home/robert/.stmcufinder/plugins/mcufinder/ => /home/robert/.stmcufinder/plugins/mcufinder
2021-01-26 09:45:08,721 [INFO] DbBoardsJson:51 - Set database path to: /home/robert/.stmcufinder/plugins/mcufinder//mcu/
2021-01-26 09:45:08,721 [WARN] DbFile:36 - Overriding database path with different value: /home/robert/.stmcufinder/plugins/mcufinder/ => /home/robert/.stmcufinder/plugins/mcufinder
2021-01-26 09:45:08,722 [WARN] DbFile:36 - Overriding database path with different value: /home/robert/.stmcufinder/plugins/mcufinder/ => /home/robert/.stmcufinder/plugins/mcufinder
2021-01-26 09:45:08,722 [INFO] CrossReferenceDbSqlite:197 - Set database path to: /home/robert/.stmcufinder/plugins/mcufinder//mcu/cs/
2021-01-26 09:45:09,017 [INFO] MainPanel:181 - HeapMemory: 339738624
2021-01-26 09:45:09,371 [INFO] DbMcusXml:72 - Set database path to: /opt/st/stm32cubeide_1.3.0/plugins/com.st.stm32cube.common.mx_5.6.0.202002181639//db//mcu/
2021-01-26 09:45:09,371 [INFO] DbBoardsPdsc:54 - Set plugin database path to: /opt/st/stm32cubeide_1.3.0/plugins/com.st.stm32cube.common.mx_5.6.0.202002181639//db//plugins/boardmanager/
2021-01-26 09:45:09,372 [INFO] DbMcus:235 - Set plugin images path to: /opt/st/stm32cubeide_1.3.0/plugins/com.st.stm32cube.common.mx_5.6.0.202002181639//db//plugins/mcufinder/images/
2021-01-26 09:45:09,373 [INFO] DbBoards:232 - Set plugin images path to: /opt/st/stm32cubeide_1.3.0/plugins/com.st.stm32cube.common.mx_5.6.0.202002181639//db//plugins/mcufinder/images/
2021-01-26 09:45:09,374 [WARN] DbFile:36 - Overriding database path with different value: /home/robert/.stmcufinder/plugins/mcufinder/ => /home/robert/.stmcufinder/plugins/mcufinder
2021-01-26 09:45:09,375 [INFO] DbMcusAds:85 - Set database path to: /home/robert/.stmcufinder/plugins/mcufinder//mcu/
2021-01-26 09:45:09,376 [WARN] DbFile:36 - Overriding database path with different value: /home/robert/.stmcufinder/plugins/mcufinder/ => /home/robert/.stmcufinder/plugins/mcufinder
2021-01-26 09:45:09,376 [INFO] DbMcusDocs:108 - Set database path to: /home/robert/.stmcufinder/plugins/mcufinder//mcu/
2021-01-26 09:45:09,376 [WARN] DbFile:36 - Overriding database path with different value: /home/robert/.stmcufinder/plugins/mcufinder/ => /home/robert/.stmcufinder/plugins/mcufinder
2021-01-26 09:45:09,376 [INFO] DbMcusJson:61 - Set database path to: /home/robert/.stmcufinder/plugins/mcufinder//mcu/
2021-01-26 09:45:09,377 [WARN] DbFile:36 - Overriding database path with different value: /home/robert/.stmcufinder/plugins/mcufinder/ => /home/robert/.stmcufinder/plugins/mcufinder
2021-01-26 09:45:09,377 [INFO] DbBoardsDocs:97 - Set database path to: /home/robert/.stmcufinder/plugins/mcufinder//mcu/
2021-01-26 09:45:09,377 [WARN] DbFile:36 - Overriding database path with different value: /home/robert/.stmcufinder/plugins/mcufinder/ => /home/robert/.stmcufinder/plugins/mcufinder
2021-01-26 09:45:09,377 [INFO] DbBoardsJson:51 - Set database path to: /home/robert/.stmcufinder/plugins/mcufinder//mcu/
2021-01-26 09:45:09,378 [WARN] DbFile:36 - Overriding database path with different value: /home/robert/.stmcufinder/plugins/mcufinder/ => /home/robert/.stmcufinder/plugins/mcufinder
2021-01-26 09:45:09,378 [WARN] DbFile:36 - Overriding database path with different value: /home/robert/.stmcufinder/plugins/mcufinder/ => /home/robert/.stmcufinder/plugins/mcufinder
2021-01-26 09:45:09,378 [INFO] CrossReferenceDbSqlite:197 - Set database path to: /home/robert/.stmcufinder/plugins/mcufinder//mcu/cs/
2021-01-26 09:45:09,530 [INFO] ApplicationProperties:181 - Using Application install path: /opt/st/stm32cubeide_1.3.0/plugins/com.st.stm32cube.common.mx_5.6.0.202002181639
2021-01-26 09:45:09,535 [INFO] PluginManage:178 - Search for loadable plugins [exclusion list=, tutovideos]
2021-01-26 09:45:09,539 [INFO] PluginManage:292 - Check plugin analytics
2021-01-26 09:45:09,578 [INFO] PluginManage:342 - Loaded plugin analytics (category:tool,tabindex:-1)
2021-01-26 09:45:09,580 [INFO] PluginManage:292 - Check plugin clock
2021-01-26 09:45:09,630 [INFO] PluginManage:342 - Loaded plugin clock (category:base,tabindex:2)
2021-01-26 09:45:09,630 [INFO] PluginManage:292 - Check plugin ddr
2021-01-26 09:45:09,650 [INFO] PluginManage:342 - Loaded plugin ddr (category:tool,tabindex:6)
2021-01-26 09:45:09,650 [INFO] PluginManage:292 - Check plugin filemanager
2021-01-26 09:45:10,018 [INFO] PluginManage:342 - Loaded plugin filemanager (category:base,tabindex:10)
2021-01-26 09:45:10,019 [INFO] PluginManage:292 - Check plugin ipmanager
2021-01-26 09:45:10,042 [INFO] PluginManage:342 - Loaded plugin ipmanager (category:base,tabindex:5)
2021-01-26 09:45:10,043 [INFO] PluginManage:292 - Check plugin pinoutandconfiguration
2021-01-26 09:45:10,080 [INFO] PluginManage:342 - Loaded plugin pinoutandconfiguration (category:base,tabindex:1)
2021-01-26 09:45:10,080 [INFO] PluginManage:292 - Check plugin pinoutconfig
2021-01-26 09:45:10,209 [INFO] PluginManage:342 - Loaded plugin pinoutconfig (category:base,tabindex:0)
2021-01-26 09:45:10,209 [INFO] PluginManage:292 - Check plugin power
2021-01-26 09:45:10,265 [INFO] PluginManage:342 - Loaded plugin power (category:power,tabindex:4)
2021-01-26 09:45:10,266 [INFO] PluginManage:292 - Check plugin projectmanager
2021-01-26 09:45:10,303 [INFO] PluginManage:342 - Loaded plugin projectmanager (category:projectmanager,tabindex:3)
2021-01-26 09:45:10,305 [INFO] PluginManage:292 - Check plugin thirdparty
2021-01-26 09:45:10,680 [INFO] ThirdPartyDb:295 - Open Third Party DataBase File (/home/robert/.stm32cubemx/plugins/thirdparty/db/thirdparties_db.xml) : 193 ms. number of Sw pack : 33
2021-01-26 09:45:10,809 [ERROR] BinarySerializedPackPreferences:182 - ClassNotFoundException [Ljava.lang.StackTraceElement;@3d605657
2021-01-26 09:45:10,817 [INFO] PluginManage:342 - Loaded plugin thirdparty (category:base,tabindex:-1)
2021-01-26 09:45:10,824 [INFO] PluginManage:292 - Check plugin tools
2021-01-26 09:45:10,860 [INFO] PluginManage:342 - Loaded plugin tools (category:base,tabindex:7)
2021-01-26 09:45:10,863 [INFO] PluginManage:292 - Check plugin tutovideos
2021-01-26 09:45:10,875 [INFO] PluginManage:347 - Ignore plugin tutovideos (category:base)
2021-01-26 09:45:10,876 [INFO] PluginManage:292 - Check plugin updater
2021-01-26 09:45:10,927 [INFO] PluginManage:342 - Loaded plugin updater (category:base,tabindex:12)
2021-01-26 09:45:10,929 [INFO] PluginManage:265 - PluginManage : Loaded plugins [12]
2021-01-26 09:45:11,785 [INFO] PinOutPanel:1420 - setPackage(No Configuration,No Configuration)
2021-01-26 09:45:12,070 [INFO] IPUIPlugin:65 - create IPUIPlugin
2021-01-26 09:45:12,071 [INFO] PluginManager:200 - loadIPPluginJar : add pdm2pcm
2021-01-26 09:45:12,091 [INFO] IPUIPlugin:65 - create IPUIPlugin
2021-01-26 09:45:12,092 [INFO] PluginManager:200 - loadIPPluginJar : add tracer_emb
2021-01-26 09:45:12,097 [INFO] IPUIPlugin:65 - create IPUIPlugin
2021-01-26 09:45:12,098 [INFO] PluginManager:200 - loadIPPluginJar : add comp
2021-01-26 09:45:12,124 [INFO] IPUIPlugin:65 - create IPUIPlugin
2021-01-26 09:45:12,125 [INFO] PluginManager:200 - loadIPPluginJar : add adc
2021-01-26 09:45:12,135 [INFO] IPUIPlugin:65 - create IPUIPlugin
2021-01-26 09:45:12,136 [INFO] PluginManager:200 - loadIPPluginJar : add gtzc
2021-01-26 09:45:12,141 [INFO] IPUIPlugin:65 - create IPUIPlugin
2021-01-26 09:45:12,142 [INFO] PluginManager:200 - loadIPPluginJar : add tim
2021-01-26 09:45:12,146 [INFO] IPUIPlugin:65 - create IPUIPlugin
2021-01-26 09:45:12,147 [INFO] PluginManager:200 - loadIPPluginJar : add tsc
2021-01-26 09:45:12,158 [INFO] IPUIPlugin:65 - create IPUIPlugin
2021-01-26 09:45:12,159 [INFO] PluginManager:200 - loadIPPluginJar : add spi
2021-01-26 09:45:12,164 [INFO] IPUIPlugin:65 - create IPUIPlugin
2021-01-26 09:45:12,165 [INFO] PluginManager:200 - loadIPPluginJar : add fatfs
2021-01-26 09:45:12,193 [INFO] IPUIPlugin:65 - create IPUIPlugin
2021-01-26 09:45:12,195 [INFO] PluginManager:200 - loadIPPluginJar : add gpio
2021-01-26 09:45:12,204 [INFO] IPUIPlugin:65 - create IPUIPlugin
2021-01-26 09:45:12,204 [INFO] PluginManager:200 - loadIPPluginJar : add genericplugin
2021-01-26 09:45:12,225 [INFO] IPUIPlugin:65 - create IPUIPlugin
2021-01-26 09:45:12,226 [INFO] PluginManager:200 - loadIPPluginJar : add i2c
2021-01-26 09:45:12,236 [INFO] IPUIPlugin:65 - create IPUIPlugin
2021-01-26 09:45:12,237 [INFO] PluginManager:200 - loadIPPluginJar : add ucpd
2021-01-26 09:45:12,246 [INFO] IPUIPlugin:65 - create IPUIPlugin
2021-01-26 09:45:12,247 [INFO] PluginManager:200 - loadIPPluginJar : add stm32_wpan
2021-01-26 09:45:12,276 [INFO] IPUIPlugin:65 - create IPUIPlugin
2021-01-26 09:45:12,277 [INFO] PluginManager:200 - loadIPPluginJar : add nvic
2021-01-26 09:45:12,288 [INFO] IPUIPlugin:65 - create IPUIPlugin
2021-01-26 09:45:12,289 [INFO] PluginManager:200 - loadIPPluginJar : add sai
2021-01-26 09:45:12,296 [INFO] IPUIPlugin:65 - create IPUIPlugin
2021-01-26 09:45:12,297 [INFO] PluginManager:200 - loadIPPluginJar : add gfxmmu
2021-01-26 09:45:12,314 [INFO] IPUIPlugin:65 - create IPUIPlugin
2021-01-26 09:45:12,315 [INFO] PluginManager:200 - loadIPPluginJar : add dma
2021-01-26 09:45:12,323 [INFO] IPUIPlugin:65 - create IPUIPlugin
2021-01-26 09:45:12,324 [INFO] PluginManager:200 - loadIPPluginJar : add touchsensing
2021-01-26 09:45:12,331 [INFO] IPUIPlugin:65 - create IPUIPlugin
2021-01-26 09:45:12,331 [INFO] PluginManager:200 - loadIPPluginJar : add can
2021-01-26 09:45:12,338 [INFO] IPUIPlugin:65 - create IPUIPlugin
2021-01-26 09:45:12,338 [INFO] PluginManager:200 - loadIPPluginJar : add ts
2021-01-26 09:45:12,346 [INFO] IPUIPlugin:65 - create IPUIPlugin
2021-01-26 09:45:12,347 [INFO] PluginManager:200 - loadIPPluginJar : add opamp
2021-01-26 09:45:12,351 [INFO] IPUIPlugin:65 - create IPUIPlugin
2021-01-26 09:45:12,352 [INFO] PluginManager:200 - loadIPPluginJar : add quadspi
2021-01-26 09:45:12,359 [INFO] IPUIPlugin:65 - create IPUIPlugin
2021-01-26 09:45:12,360 [INFO] PluginManager:200 - loadIPPluginJar : add i2s
2021-01-26 09:45:12,370 [INFO] IPUIPlugin:65 - create IPUIPlugin
2021-01-26 09:45:12,371 [INFO] PluginManager:200 - loadIPPluginJar : add ipddr
2021-01-26 09:45:12,397 [INFO] IPUIPlugin:65 - create IPUIPlugin
2021-01-26 09:45:12,399 [INFO] PluginManager:200 - loadIPPluginJar : add freertos
2021-01-26 09:45:12,422 [INFO] IPUIPlugin:65 - create IPUIPlugin
2021-01-26 09:45:12,422 [INFO] PluginManager:200 - loadIPPluginJar : add aes
2021-01-26 09:45:12,439 [INFO] IPUIPlugin:65 - create IPUIPlugin
2021-01-26 09:45:12,440 [INFO] PluginManager:200 - loadIPPluginJar : add gic
2021-01-26 09:45:12,446 [INFO] IPUIPlugin:65 - create IPUIPlugin
2021-01-26 09:45:12,447 [INFO] PluginManager:200 - loadIPPluginJar : add hash
2021-01-26 09:45:12,472 [INFO] IPUIPlugin:65 - create IPUIPlugin
2021-01-26 09:45:12,473 [INFO] PluginManager:200 - loadIPPluginJar : add resmgrutility
2021-01-26 09:45:12,479 [INFO] IPUIPlugin:65 - create IPUIPlugin
2021-01-26 09:45:12,480 [INFO] PluginManager:200 - loadIPPluginJar : add usart
2021-01-26 09:45:12,508 [INFO] IPUIPlugin:65 - create IPUIPlugin
2021-01-26 09:45:12,509 [INFO] PluginManager:200 - loadIPPluginJar : add fmc
2021-01-26 09:45:12,514 [INFO] IPUIPlugin:65 - create IPUIPlugin
2021-01-26 09:45:12,515 [INFO] PluginManager:200 - loadIPPluginJar : add cryp
2021-01-26 09:45:12,531 [INFO] IPUIPlugin:65 - create IPUIPlugin
2021-01-26 09:45:12,532 [INFO] PluginManager:200 - loadIPPluginJar : add ltdc
2021-01-26 09:45:12,559 [INFO] IPUIPlugin:65 - create IPUIPlugin
2021-01-26 09:45:12,569 [INFO] PluginManager:200 - loadIPPluginJar : add plateformsettings
2021-01-26 09:45:12,577 [INFO] IPUIPlugin:65 - create IPUIPlugin
2021-01-26 09:45:12,578 [INFO] PluginManager:200 - loadIPPluginJar : add dfsdm
2021-01-26 09:45:12,594 [INFO] IPUIPlugin:65 - create IPUIPlugin
2021-01-26 09:45:12,595 [INFO] PluginManager:200 - loadIPPluginJar : add mdma
2021-01-26 09:45:13,371 [INFO] BoardConnectionPanel:3472 - [DDR PANEL] STM32CubeIDE environment
2021-01-26 09:45:13,373 [INFO] MainDdrPanel:103 - [DDR PANEL] GETTER - cubeProgrammerPath is: null
2021-01-26 09:45:13,714 [FATAL] Updater:277 - Updater called before beeing initialized
2021-01-26 09:45:13,717 [ERROR] IntegrityCheckThread:252 - Cannot obtain thirdParties list 21
2021-01-26 09:45:13,722 [ERROR] IntegrityCheckThread:100 - Unexpected exception IntegrityCheckThread Thread: Updater error
2021-01-26 09:45:13,725 [INFO] ThirdPartyDb:261 - Close Third Party DataBase File (/home/robert/.stm32cubemx/plugins/thirdparty/db/thirdparties_db.xml)
2021-01-26 09:45:13,781 [FATAL] Updater:277 - Updater called before beeing initialized
2021-01-26 09:45:14,584 [FATAL] Updater:277 - Updater called before beeing initialized
2021-01-26 09:45:14,596 [INFO] PinOutPanel:1420 - setPackage(No Configuration,No Configuration)
2021-01-26 09:45:14,605 [FATAL] Updater:277 - Updater called before beeing initialized
2021-01-26 09:45:14,643 [INFO] BoardConnectionPanel:3472 - [DDR PANEL] STM32CubeIDE environment
2021-01-26 09:45:14,645 [INFO] MainDdrPanel:103 - [DDR PANEL] GETTER - cubeProgrammerPath is: /opt/st/stm32cubeide_1.3.0/plugins/com.st.stm32cube.ide.mcu.externaltools.cubeprogrammer.linux64_1.3.0.202002181050/tools/bin
2021-01-26 09:45:14,671 [INFO] ProgrammerExecThread:148 - [ProgrammerAPI] CubeProgrammer command construction: /opt/st/stm32cubeide_1.3.0/plugins/com.st.stm32cube.ide.mcu.externaltools.cubeprogrammer.linux64_1.3.0.202002181050/tools/bin/STM32_Programmer_CLI -l
2021-01-26 09:45:15,519 [INFO] MainDdrPanel:93 - [DDR PANEL] SETTER - Set cubeProgrammerPath to: /opt/st/stm32cubeide_1.3.0/plugins/com.st.stm32cube.ide.mcu.externaltools.cubeprogrammer.linux64_1.3.0.202002181050/tools/bin
2021-01-26 09:45:15,570 [INFO] Updater:886 - Updater Version found : 5.6.0
2021-01-26 09:45:15,682 [INFO] ApplicationProperties:181 - Using Application install path: /opt/st/stm32cubeide_1.3.0/plugins/com.st.stm32cube.common.mx_5.6.0.202002181639
2021-01-26 09:45:15,861 [INFO] MainUpdater:452 - Copy updater definitions from MX database
2021-01-26 09:45:16,268 [INFO] MainUpdater:2230 - connection check result : 10
2021-01-26 09:45:16,270 [INFO] MainUpdater:2874 - Updater definition file requires update
2021-01-26 09:45:16,275 [INFO] MainUpdater:236 - Updater Check For Update Now.
2021-01-26 09:45:16,278 [INFO] MicroXplorer:420 - Change Database Version : DB.5.0.60
2021-01-26 09:45:16,347 [INFO] ServerAccessManage:348 - Download File updaters.zip
2021-01-26 09:45:16,538 [INFO] FileExtend:225 - Unzip File : updaters.zip
2021-01-26 09:45:16,538 [INFO] FileExtend:240 - Standard Zip Deflate
2021-01-26 09:45:17,304 [INFO] ServerAccessManage:348 - Download File PacksControlFlags.xml
2021-01-26 09:45:17,410 [INFO] ServerAccessManage:348 - Download File cubemx.pidx
2021-01-26 09:45:17,671 [INFO] LoadServerUpdatesThread:301 - End of LoadServerUpdate Thread
2021-01-26 09:45:17,831 [INFO] CheckServerUpdateThread:92 - End of CheckServer Thread
2021-01-26 09:45:17,897 [INFO] MainUpdater:2230 - connection check result : 10
2021-01-26 09:45:17,902 [INFO] LogOutputStream:76 - [STDOUT_REDIRECT] Successfull proxy connection.
2021-01-26 09:45:18,650 [INFO] McuFinderGlobals:40 - Set McuFinder mode to 2 (CubeIDE integrated)
2021-01-26 09:45:18,728 [INFO] FinderPluginLoader:86 - Searching for filters in installed packs
2021-01-26 09:45:18,755 [INFO] DbMcusXml:110 - Load MCU database from /opt/st/stm32cubeide_1.3.0/plugins/com.st.stm32cube.common.mx_5.6.0.202002181639//db//mcu/families.xml
2021-01-26 09:45:21,324 [INFO] DbMcusJson:90 - JSON generation date=Wed Jan 20 10:17:20 CET 2021 (1611134240)
2021-01-26 09:45:28,432 [INFO] DbMcus:171 - Found 1670 MCUs (1625 are supported by CubeMX, 1625 are visible in CubeMX)
2021-01-26 09:45:32,136 [INFO] ApiDb:158 - Load user favorites file /home/robert/.stm32cubeide/favorites.mcus.txt: 0 item(s)
2021-01-26 09:45:32,136 [INFO] ApiDb:163 - User favorites MCUs=[]
2021-01-26 09:45:32,137 [INFO] DbMcus:183 - Set 0 / 0 favorites MCUs
2021-01-26 09:45:43,111 [INFO] DbMcusAds:143 - JSON generation date=Fri Jan 08 15:29:53 CET 2021 (1610116193)
2021-01-26 09:45:43,118 [INFO] LoadUrlFilesThread:161 - End of LoadServerUrlFiles without Thread
2021-01-26 09:45:43,330 [INFO] McuDetailPanel:181 - Set advertising image to /home/robert/STM32Cube/Repository//STM32WB_wireless_module_P4311S_big.png
2021-01-26 09:45:46,127 [INFO] McuFilterPanel:249 - Update 0 favorites MCUs
2021-01-26 09:45:51,257 [INFO] DbBoardsPdsc:92 - Found 9 items
2021-01-26 09:45:51,612 [INFO] DbBoardsPdsc:92 - Found 40 items
2021-01-26 09:45:51,657 [INFO] DbBoardsPdsc:92 - Found 22 items
2021-01-26 09:45:51,685 [INFO] DbBoardsPdsc:92 - Found 39 items
2021-01-26 09:45:51,722 [INFO] DbBoardsPdsc:92 - Found 28 items
2021-01-26 09:45:51,744 [INFO] DbBoardsPdsc:92 - Found 4 items
2021-01-26 09:45:51,754 [INFO] DbBoardsPdsc:92 - Found 2 items
2021-01-26 09:45:51,764 [INFO] DbBoardsPdsc:92 - Found 1 items
2021-01-26 09:45:51,785 [WARN] DbBoardsPdsc:256 - Board STM32H7B3I-DK: unknown feature type=Audio, name=, username=Audio stereo codec with Headphone Amp (CS42L51-CNZ), n=1
2021-01-26 09:45:51,788 [WARN] DbBoardsPdsc:256 - Board STM32H7B3I-DK: unknown feature type=WIFI, name=, username=WIFI 802.11 b/g/n, n=1
2021-01-26 09:45:51,803 [WARN] DbBoardsPdsc:256 - Board STM32H7B3I-EVAL: unknown feature type=Audio, name=, username=Multi-Channel Audio Codec (CS42L51-CNZ), n=1
2021-01-26 09:45:51,806 [WARN] DbBoardsPdsc:256 - Board STM32H7B3I-EVAL: unknown feature type=Meter, name=, username=Power-metering and Temperature-monitoring with sigma-delta modulators, n=1
2021-01-26 09:45:51,807 [WARN] DbBoardsPdsc:256 - Board STM32H7B3I-EVAL: unknown feature type=WIFI, name=, username=WIFI 802.11 a/b/g/n, n=1
2021-01-26 09:45:51,818 [WARN] DbBoardsPdsc:256 - Board STM32H7B3I-EVAL: unknown feature type=Motor, name=, username=Motor Control, n=1
2021-01-26 09:45:54,821 [INFO] DbBoardsJson:80 - JSON generation date=Wed Jan 20 09:08:10 CET 2021 (1611130090)
2021-01-26 09:45:54,842 [INFO] DbBoards:120 - Found 148 boards (142 are supported by CubeMX)
2021-01-26 09:45:54,957 [INFO] DbBoardsDocs:131 - JSON generation date=Wed Jan 20 10:17:20 CET 2021 (1611134240)
2021-01-26 09:45:55,001 [INFO] DbBoardsDocs:70 - Found 190 boards documents
2021-01-26 09:45:55,016 [WARN] DbBoards:130 - board STM32F401C-DISCO has no document id list !
2021-01-26 09:45:55,020 [WARN] DbBoards:130 - board STM32F769I-DISC1 has no document id list !
2021-01-26 09:45:55,022 [WARN] DbBoards:130 - board STM32L-DISCOVERY has no document id list !
2021-01-26 09:45:55,023 [WARN] DbBoards:130 - board STM32H747I-DISC1 has no document id list !
2021-01-26 09:45:55,032 [WARN] DbBoards:130 - board STM32MP157A-DK1 has no document id list !
2021-01-26 09:45:55,035 [WARN] DbBoards:130 - board NUCLEO-H743ZI2 has no document id list !
2021-01-26 09:45:55,042 [WARN] DbBoards:130 - board STM32H743I-EVAL2 has no document id list !
2021-01-26 09:45:55,043 [WARN] DbBoards:130 - board STM32H753I-EVAL2 has no document id list !
2021-01-26 09:45:55,051 [WARN] DbBoards:130 - board STM32G474E-EVAL1 has no document id list !
2021-01-26 09:45:55,055 [WARN] DbBoards:130 - board P-NUCLEO-WB55-Nucleo has no document id list !
2021-01-26 09:45:55,056 [WARN] DbBoards:130 - board P-NUCLEO-WB55-USBDongle has no document id list !
2021-01-26 09:45:55,059 [WARN] DbBoards:130 - board NUCLEO-WB35CE has no document id list !
2021-01-26 09:45:55,060 [WARN] DbBoards:130 - board STEVAL-MKSBOX1V1 has no document id list !
2021-01-26 09:45:55,065 [WARN] DbBoards:130 - board STEVAL-STWINKT1 has no document id list !
2021-01-26 09:45:55,065 [WARN] DbBoards:130 - board STEVAL-IDP005V1 has no document id list !
2021-01-26 09:45:55,066 [WARN] DbBoards:130 - board STEVAL-IDP005V2 has no document id list !
2021-01-26 09:45:55,066 [WARN] DbBoards:130 - board STEVAL-BFA001V1B has no document id list !
2021-01-26 09:45:55,066 [WARN] DbBoards:130 - board STEVAL-BFA001V2B has no document id list !
2021-01-26 09:45:57,301 [ERROR] DbBoards:192 - Image file not found for board STM32H7B3I-DK: /opt/st/stm32cubeide_1.3.0/plugins/com.st.stm32cube.common.mx_5.6.0.202002181639//db//plugins/mcufinder/images/boards/stm32h7b3i-dk_small.jpg
2021-01-26 09:45:58,407 [ERROR] DbBoards:192 - Image file not found for board STM32H747I-EVAL: /opt/st/stm32cubeide_1.3.0/plugins/com.st.stm32cube.common.mx_5.6.0.202002181639//db//plugins/mcufinder/images/boards/stm32h747ieval_small.jpg
2021-01-26 09:45:58,408 [ERROR] DbBoards:192 - Image file not found for board STM32H757I-EVAL: /opt/st/stm32cubeide_1.3.0/plugins/com.st.stm32cube.common.mx_5.6.0.202002181639//db//plugins/mcufinder/images/boards/stm32h747ieval_small.jpg
2021-01-26 09:45:59,793 [ERROR] DbBoards:192 - Image file not found for board B-L4S5I-IOT01A: /opt/st/stm32cubeide_1.3.0/plugins/com.st.stm32cube.common.mx_5.6.0.202002181639//db//plugins/mcufinder/images/boards/B-L4S5I-IOT01A_small.jpg
2021-01-26 09:45:59,793 [ERROR] DbBoards:192 - Image file not found for board STM32H735G-DK: /opt/st/stm32cubeide_1.3.0/plugins/com.st.stm32cube.common.mx_5.6.0.202002181639//db//plugins/mcufinder/images/boards/STM32H735G_DK_small.jpg
2021-01-26 09:45:59,794 [INFO] ApiDb:158 - Load user favorites file /home/robert/.stm32cubeide/favorites.boards.txt: 0 item(s)
2021-01-26 09:45:59,795 [INFO] ApiDb:163 - User favorites Boards=[]
2021-01-26 09:45:59,795 [INFO] DbBoards:209 - Set 0 / 0 favorites Boards
2021-01-26 09:46:00,247 [INFO] LoadUrlFilesThread:161 - End of LoadServerUrlFiles without Thread
2021-01-26 09:46:00,248 [INFO] BoardDetailPanel:180 - Set advertising image to /home/robert/STM32Cube/Repository//STM32WB_wireless_module_P4311S_big.png
2021-01-26 09:46:00,396 [INFO] BoardFilterPanel:211 - Update 0 favorites Boards
2021-01-26 09:46:01,643 [INFO] CrossSelectorPresenter:1319 - Cross Selector saved comparison directory: /home/robert/.stmcufinder/plugins/mcufinder/mcu/cs_comparisons_mx
2021-01-26 09:51:16,738 [INFO] Activator:176 - 


2021-01-26 09:51:16,743 [INFO] Activator:177 - !SESSION log4j initialized
