20:50:22 **** Build of configuration Debug for project 001_HelloWorld ****
make -j4 all 
arm-none-eabi-gcc -mcpu=cortex-m4 -g3 -c -x assembler-with-cpp --specs=nano.specs -mfloat-abi=soft -mthumb -o "Startup/startup_stm32f446retx.o" "../Startup/startup_stm32f446retx.s"
arm-none-eabi-gcc "../Src/main.c" -mcpu=cortex-m4 -std=gnu11 -g3 -DSTM32 -DSTM32F4 -DSTM32F446RETx -DDEBUG -DNUCLEO_F446RE -c -I../Inc -O0 -ffunction-sections -fdata-sections -Wall -fstack-usage -MMD -MP -MF"Src/main.d" -MT"Src/main.o" --specs=nano.specs -mfloat-abi=soft -mthumb -o "Src/main.o"
arm-none-eabi-gcc "../Src/syscalls.c" -mcpu=cortex-m4 -std=gnu11 -g3 -DSTM32 -DSTM32F4 -DSTM32F446RETx -DDEBUG -DNUCLEO_F446RE -c -I../Inc -O0 -ffunction-sections -fdata-sections -Wall -fstack-usage -MMD -MP -MF"Src/syscalls.d" -MT"Src/syscalls.o" --specs=nano.specs -mfloat-abi=soft -mthumb -o "Src/syscalls.o"
arm-none-eabi-gcc "../Src/sysmem.c" -mcpu=cortex-m4 -std=gnu11 -g3 -DSTM32 -DSTM32F4 -DSTM32F446RETx -DDEBUG -DNUCLEO_F446RE -c -I../Inc -O0 -ffunction-sections -fdata-sections -Wall -fstack-usage -MMD -MP -MF"Src/sysmem.d" -MT"Src/sysmem.o" --specs=nano.specs -mfloat-abi=soft -mthumb -o "Src/sysmem.o"
arm-none-eabi-gcc -o "001_HelloWorld.elf" @"objects.list"   -mcpu=cortex-m4 -T"/home/robert/Projects/Embedded-C/MCU drivers/target/001_HelloWorld/STM32F446RETX_FLASH.ld" --specs=nosys.specs -Wl,-Map="001_HelloWorld.map" -Wl,--gc-sections -static --specs=nano.specs -mfloat-abi=soft -mthumb -Wl,--start-group -lc -lm -Wl,--end-group
Finished building target: 001_HelloWorld.elf
 
arm-none-eabi-size   001_HelloWorld.elf 
arm-none-eabi-objdump -h -S  001_HelloWorld.elf  > "001_HelloWorld.list"
   text	   data	    bss	    dec	    hex	filename
   3484	    108	   1580	   5172	   1434	001_HelloWorld.elf
arm-none-eabi-objcopy  -O binary  001_HelloWorld.elf  "001_HelloWorld.bin"
Finished building: default.size.stdout
 
Finished building: 001_HelloWorld.bin
 
Finished building: 001_HelloWorld.list
 
20:50:30 **** Incremental Build of configuration Debug for project 001_HelloWorld ****
make -j4 all 
arm-none-eabi-size   001_HelloWorld.elf 
   text	   data	    bss	    dec	    hex	filename
   3484	    108	   1580	   5172	   1434	001_HelloWorld.elf
Finished building: default.size.stdout
 
11:40:47 **** Build of configuration Debug for project 001_HelloWorld ****
make -j4 all 
arm-none-eabi-size   001_HelloWorld.elf 
   text	   data	    bss	    dec	    hex	filename
   3484	    108	   1580	   5172	   1434	001_HelloWorld.elf
Finished building: default.size.stdout
 
